running property 101 with network ./nnet/ACASXU_run2a_2_1_batch_2000.nnet
inputs:
[-0.321785 0.063662 -0.496021 -0.363636 -0.333333 ]
[-0.324274 0.031831 -0.496021 -0.363636 -0.333333 ]
[0.064694 0.065572 0.102922 0.041555 0.099309 ]
No CHECK_ADV_MODE
adv found:
[-0.323030 0.053715 -0.496021 -0.363636 -0.333333 ]
[0.012569 -0.018901 0.009487 -0.041631 0.000000 ]
adv found:
[-0.323030 0.052720 -0.496021 -0.363636 -0.333333 ]
[0.012643 -0.018756 0.009504 -0.041437 0.000000 ]
time: 1.370710 
running property 101 with network ./nnet/ACASXU_run2a_2_2_batch_2000.nnet
inputs:
[-0.321785 0.063662 -0.496021 -0.363636 -0.333333 ]
[-0.324274 0.031831 -0.496021 -0.363636 -0.333333 ]
[-0.004200 -0.001340 0.035073 -0.013977 0.030324 ]
No CHECK_ADV_MODE
adv found:
[-0.321785 0.059683 -0.496021 -0.363636 -0.333333 ]
[0.007987 -0.023660 0.012160 -0.036109 0.000000 ]
adv found:
[-0.321785 0.055704 -0.496021 -0.363636 -0.333333 ]
[0.008387 -0.023813 0.012853 -0.036310 0.000000 ]
time: 0.286634 
running property 101 with network ./nnet/ACASXU_run2a_2_3_batch_2000.nnet
inputs:
[-0.321785 0.063662 -0.496021 -0.363636 -0.333333 ]
[-0.324274 0.031831 -0.496021 -0.363636 -0.333333 ]
[-0.010289 -0.011948 0.028729 -0.012750 0.025451 ]
No CHECK_ADV_MODE
adv found:
[-0.323030 0.035810 -0.496021 -0.363636 -0.333333 ]
[0.014815 -0.019353 0.014639 -0.034607 0.000000 ]
adv found:
[-0.324274 0.035810 -0.496021 -0.363636 -0.333333 ]
[0.014073 -0.020519 0.014501 -0.036121 0.000000 ]
time: 0.577070 
running property 101 with network ./nnet/ACASXU_run2a_2_4_batch_2000.nnet
inputs:
[-0.321785 0.063662 -0.496021 -0.363636 -0.333333 ]
[-0.324274 0.031831 -0.496021 -0.363636 -0.333333 ]
[-0.008468 -0.011124 0.030039 -0.012976 0.026134 ]
No CHECK_ADV_MODE
adv found:
[-0.321785 0.063662 -0.496021 -0.363636 -0.333333 ]
[0.006509 -0.033503 0.006983 -0.047442 0.000000 ]
adv found:
[-0.324274 0.063662 -0.496021 -0.363636 -0.333333 ]
[0.006535 -0.033494 0.006986 -0.047388 0.000000 ]
time: 0.599358 
running property 101 with network ./nnet/ACASXU_run2a_2_5_batch_2000.nnet
inputs:
[-0.321785 0.063662 -0.496021 -0.363636 -0.333333 ]
[-0.324274 0.031831 -0.496021 -0.363636 -0.333333 ]
[-0.003873 -0.006333 0.033290 -0.012875 0.026820 ]
No CHECK_ADV_MODE
adv found:
[-0.321785 0.037799 -0.496021 -0.363636 -0.333333 ]
[0.008693 -0.028449 0.005763 -0.044163 0.000000 ]
adv found:
[-0.321785 0.035810 -0.496021 -0.363636 -0.333333 ]
[0.008594 -0.028771 0.005721 -0.044453 0.000000 ]
time: 0.561122 
running property 101 with network ./nnet/ACASXU_run2a_2_6_batch_2000.nnet
inputs:
[-0.321785 0.063662 -0.496021 -0.363636 -0.333333 ]
[-0.324274 0.031831 -0.496021 -0.363636 -0.333333 ]
[-0.019434 -0.020694 0.019983 -0.016881 0.021092 ]
No CHECK_ADV_MODE
adv found:
[-0.321785 0.039789 -0.496021 -0.363636 -0.333333 ]
[0.005414 -0.043096 -0.000982 -0.035823 0.000000 ]
adv found:
[-0.324274 0.039789 -0.496021 -0.363636 -0.333333 ]
[0.005378 -0.043140 -0.000984 -0.035947 0.000000 ]
time: 0.047506 
running property 101 with network ./nnet/ACASXU_run2a_2_7_batch_2000.nnet
inputs:
[-0.321785 0.063662 -0.496021 -0.363636 -0.333333 ]
[-0.324274 0.031831 -0.496021 -0.363636 -0.333333 ]
[-0.020192 -0.019800 0.018021 -0.018671 0.018213 ]
No CHECK_ADV_MODE
adv found:
[-0.321785 0.047746 -0.496021 -0.363636 -0.333333 ]
[0.003125 -0.040373 -0.000433 -0.035629 0.000000 ]
adv found:
[adv found:
-0.321785 0.059683 -0.496021 -0.363636 -0.333333 ]
[0.003644 -0.039982 -0.000360 -0.035622 0.000000 ]
adv found:
[-0.324274 0.047746 -0.496021 -0.363636 -0.333333 ]
[0.003201 -0.040305 -0.000412 -0.035612 0.000000 ]
adv found:
[-0.324274 0.059683 -0.496021 -0.363636 -0.333333 ]
[0.003727 -0.039933 -0.000340 -0.035604 0.000000 ]
[-0.321785 0.051725 -0.496021 -0.363636 -0.333333 ]
[0.003284 -0.040204 -0.000408 -0.035628 0.000000 ]
adv found:
[-0.324274 0.051725 -0.496021 -0.363636 -0.333333 ]
[0.003360 -0.040136 -0.000387 -0.035612 0.000000 ]
time: 0.521732 
running property 101 with network ./nnet/ACASXU_run2a_2_8_batch_2000.nnet
inputs:
[-0.321785 0.063662 -0.496021 -0.363636 -0.333333 ]
[-0.324274 0.031831 -0.496021 -0.363636 -0.333333 ]
[-0.021569 -0.019993 0.018123 -0.018676 0.018248 ]
No CHECK_ADV_MODE
adv found:
[-0.321785 0.045757 -0.496021 -0.363636 -0.333333 ]
[0.002646 -0.041675 -0.001295 -0.036928 0.000000 ]
adv found:
[-0.324274 0.045757 -0.496021 -0.363636 -0.333333 ]
[0.002664 -0.041687 -0.001296 -0.036926 0.000000 ]
time: 0.493025 
running property 101 with network ./nnet/ACASXU_run2a_2_9_batch_2000.nnet
inputs:
[-0.321785 0.063662 -0.496021 -0.363636 -0.333333 ]
[-0.324274 0.031831 -0.496021 -0.363636 -0.333333 ]
[-0.021078 -0.019714 0.018267 -0.018558 0.018260 ]
No CHECK_ADV_MODE
adv found:
[-0.321785 0.047746 -0.496021 -0.363636 -0.333333 ]
[0.002241 -0.039757 -0.000875 -0.036980 0.000000 ]
adv found:
[-0.324274 0.047746 -0.496021 -0.363636 -0.333333 ]
[0.002326 -0.039737 -0.000874 -0.036979 0.000000 ]
time: 0.205925 
running property 101 with network ./nnet/ACASXU_run2a_3_1_batch_2000.nnet
inputs:
[-0.321785 0.063662 -0.496021 -0.363636 -0.333333 ]
[-0.324274 0.031831 -0.496021 -0.363636 -0.333333 ]
[0.070212 0.117440 0.078681 0.114733 0.052856 ]
No CHECK_ADV_MODE
No adv!
time: 0.231764 
running property 101 with network ./nnet/ACASXU_run2a_3_2_batch_2000.nnet
inputs:
[-0.321785 0.063662 -0.496021 -0.363636 -0.333333 ]
[-0.324274 0.031831 -0.496021 -0.363636 -0.333333 ]
[-0.004509 0.033629 -0.004474 0.032288 -0.012413 ]
No CHECK_ADV_MODE
No adv!
time: 0.049541 
running property 101 with network ./nnet/ACASXU_run2a_3_3_batch_2000.nnet
inputs:
[-0.321785 0.063662 -0.496021 -0.363636 -0.333333 ]
[-0.324274 0.031831 -0.496021 -0.363636 -0.333333 ]
[-0.004990 0.032255 -0.006044 0.029402 -0.013538 ]
No CHECK_ADV_MODE
No adv!
time: 0.013314 
running property 101 with network ./nnet/ACASXU_run2a_3_4_batch_2000.nnet
inputs:
[-0.321785 0.063662 -0.496021 -0.363636 -0.333333 ]
[-0.324274 0.031831 -0.496021 -0.363636 -0.333333 ]
[-0.007735 0.031293 -0.009988 0.028420 -0.012625 ]
No CHECK_ADV_MODE
No adv!
time: 0.001989 
running property 101 with network ./nnet/ACASXU_run2a_3_5_batch_2000.nnet
inputs:
[-0.321785 0.063662 -0.496021 -0.363636 -0.333333 ]
[-0.324274 0.031831 -0.496021 -0.363636 -0.333333 ]
[-0.009740 0.032107 -0.007485 0.026448 -0.014399 ]
No CHECK_ADV_MODE
No adv!
time: 0.115024 
running property 101 with network ./nnet/ACASXU_run2a_3_6_batch_2000.nnet
inputs:
[-0.321785 0.063662 -0.496021 -0.363636 -0.333333 ]
[-0.324274 0.031831 -0.496021 -0.363636 -0.333333 ]
[-0.019588 0.018777 -0.020172 0.019598 -0.017824 ]
No CHECK_ADV_MODE
adv found:
[-0.321785 0.039789 -0.496021 -0.363636 -0.333333 ]
[0.036164 0.038086 -0.010269 0.039510 0.000000 ]
adv found:
[-0.324274 0.039789 -0.496021 -0.363636 -0.333333 ]
[0.036000 0.037909 -0.010254 0.039279 0.000000 ]
time: 0.518285 
running property 101 with network ./nnet/ACASXU_run2a_3_7_batch_2000.nnet
inputs:
[-0.321785 0.063662 -0.496021 -0.363636 -0.333333 ]
[-0.324274 0.031831 -0.496021 -0.363636 -0.333333 ]
[-0.020836 0.018598 -0.019346 0.018493 -0.018242 ]
No CHECK_ADV_MODE
adv found:
[-0.321785 0.035810 -0.496021 -0.363636 -0.333333 ]
[0.040422 0.037028 -0.004648 0.037454 0.000000 ]
adv found:
[-0.324274 0.035810 -0.496021 -0.363636 -0.333333 ]
[0.040433 0.037035 -0.004653 0.037458 0.000000 ]
time: 0.275499 
running property 101 with network ./nnet/ACASXU_run2a_3_8_batch_2000.nnet
inputs:
[-0.321785 0.063662 -0.496021 -0.363636 -0.333333 ]
[-0.324274 0.031831 -0.496021 -0.363636 -0.333333 ]
[-0.020926 0.017994 -0.019752 0.018204 -0.018760 ]
No CHECK_ADV_MODE
adv found:
[-0.321785 0.039789 -0.496021 -0.363636 -0.333333 ]
[0.036461 0.035094 -0.004619 0.036127 0.000000 ]
adv found:
[-0.324274 0.039789 -0.496021 -0.363636 -0.333333 ]
[0.036473 0.035068 -0.004618 0.036092 0.000000 ]
time: 0.113864 
running property 101 with network ./nnet/ACASXU_run2a_3_9_batch_2000.nnet
inputs:
[-0.321785 0.063662 -0.496021 -0.363636 -0.333333 ]
[-0.324274 0.031831 -0.496021 -0.363636 -0.333333 ]
[-0.021649 0.018110 -0.019749 0.018294 -0.018284 ]
No CHECK_ADV_MODE
adv found:
[-0.321785 0.039789 -0.496021 -0.363636 -0.333333 ]
[0.042215 0.035492 -0.004035 0.036832 0.000000 ]
adv found:
[-0.321785 0.031831 -0.496021 -0.363636 -0.333333 ]
[0.042426 0.035489 -0.004040 0.036833 0.000000 ]
time: 0.125574 
running property 101 with network ./nnet/ACASXU_run2a_4_1_batch_2000.nnet
inputs:
[-0.321785 0.063662 -0.496021 -0.363636 -0.333333 ]
[-0.324274 0.031831 -0.496021 -0.363636 -0.333333 ]
[0.052905 0.053279 0.087106 0.033828 0.082166 ]
No CHECK_ADV_MODE
adv found:
[-0.323030 0.055704 -0.496021 -0.363636 -0.333333 ]
[0.006006 -0.031360 0.003044 -0.068137 0.000000 ]
adv found:
[-0.324274 0.055704 -0.496021 -0.363636 -0.333333 ]
[0.005954 -0.031204 0.002009 -0.067909 0.000000 ]
time: 0.490127 
running property 101 with network ./nnet/ACASXU_run2a_4_2_batch_2000.nnet
inputs:
[-0.321785 0.063662 -0.496021 -0.363636 -0.333333 ]
[-0.324274 0.031831 -0.496021 -0.363636 -0.333333 ]
[-0.001612 0.002172 0.038665 -0.014068 0.034588 ]
No CHECK_ADV_MODE
adv found:
[-0.321785 0.051725 -0.496021 -0.363636 -0.333333 ]
[0.010900 -0.015258 0.011354 -0.037881 0.000000 ]
adv found:
[-0.321785 0.047746 -0.496021 -0.363636 -0.333333 ]
[0.012590 -0.012925 0.012486 -0.035169 0.000000 ]
time: 0.421501 
running property 101 with network ./nnet/ACASXU_run2a_4_3_batch_2000.nnet
inputs:
[-0.321785 0.063662 -0.496021 -0.363636 -0.333333 ]
[-0.324274 0.031831 -0.496021 -0.363636 -0.333333 ]
[-0.014829 -0.013094 0.023850 -0.019329 0.022153 ]
No CHECK_ADV_MODE
adv found:
[-0.321785 0.050731 -0.496021 -0.363636 -0.333333 ]
[0.007092 -0.029521 0.005242 -0.052682 0.000000 ]
adv found:
[-0.321785 0.050233 -0.496021 -0.363636 -0.333333 ]
[0.007040 -0.029517 0.005216 -0.052769 0.000000 ]
time: 0.515292 
running property 101 with network ./nnet/ACASXU_run2a_4_4_batch_2000.nnet
inputs:
[-0.321785 0.063662 -0.496021 -0.363636 -0.333333 ]
[-0.324274 0.031831 -0.496021 -0.363636 -0.333333 ]
[-0.015616 -0.012441 0.023498 -0.018286 0.020573 ]
No CHECK_ADV_MODE
adv found:
[-0.321785 0.049736 -0.496021 -0.363636 -0.333333 ]
[0.000734 -0.027854 0.005817 -0.040912 0.000000 ]
adv found:
[-0.322096 0.049736 -0.496021 -0.363636 -0.333333 ]
[0.000652 -0.028006 0.005777 -0.041008 0.000000 ]
time: 0.356346 
running property 101 with network ./nnet/ACASXU_run2a_4_5_batch_2000.nnet
inputs:
[-0.321785 0.063662 -0.496021 -0.363636 -0.333333 ]
[-0.324274 0.031831 -0.496021 -0.363636 -0.333333 ]
[-0.014681 -0.012326 0.023506 -0.018640 0.021230 ]
No CHECK_ADV_MODE
adv found:
[-0.321785 0.059683 -0.496021 -0.363636 -0.333333 ]
[0.007502 -0.031188 0.004898 -0.043877 0.000000 ]
adv found:
[-0.324274 0.059683 -0.496021 -0.363636 -0.333333 ]
[0.007544 -0.031153 0.004891 -0.043888 0.000000 ]
time: 0.166553 
running property 101 with network ./nnet/ACASXU_run2a_4_6_batch_2000.nnet
inputs:
[-0.321785 0.063662 -0.496021 -0.363636 -0.333333 ]
[-0.324274 0.031831 -0.496021 -0.363636 -0.333333 ]
[-0.021886 -0.018392 0.019447 -0.017930 0.018700 ]
No CHECK_ADV_MODE
adv found:
[-0.321785 0.047746 -0.496021 -0.363636 -0.333333 ]
[0.000686 -0.042463 0.000524 -0.035861 0.000000 ]
adv found:
[-0.321785 0.045757 -0.496021 -0.363636 -0.333333 ]
[0.000827 -0.042511 0.000527 -0.035874 0.000000 ]
time: 0.262297 
running property 101 with network ./nnet/ACASXU_run2a_4_7_batch_2000.nnet
inputs:
[-0.321785 0.063662 -0.496021 -0.363636 -0.333333 ]
[-0.324274 0.031831 -0.496021 -0.363636 -0.333333 ]
[-0.021130 -0.018470 0.018221 -0.018421 0.018218 ]
No CHECK_ADV_MODE
adv found:
[-0.321785 0.055704 -0.496021 -0.363636 -0.333333 ]
[0.001673 -0.040590 -0.001078 -0.038144 0.000000 ]
adv found:
[-0.324274 0.055704 -0.496021 -0.363636 -0.333333 ]
[0.001747 -0.040576 -0.001079 -0.038199 0.000000 ]
time: 0.014387 
running property 101 with network ./nnet/ACASXU_run2a_4_8_batch_2000.nnet
inputs:
[-0.321785 0.063662 -0.496021 -0.363636 -0.333333 ]
[-0.324274 0.031831 -0.496021 -0.363636 -0.333333 ]
[-0.023170 -0.018520 0.018046 -0.018755 0.018199 ]
No CHECK_ADV_MODE
adv found:
[-0.321785 0.039789 -0.496021 -0.363636 -0.333333 ]
[0.000730 -0.039456 -0.000535 -0.036288 0.000000 ]
adv found:
[-0.321785 0.031831 -0.496021 -0.363636 -0.333333 ]
[0.000721 -0.039451 -0.000534 -0.036288 0.000000 ]
time: 0.039809 
running property 101 with network ./nnet/ACASXU_run2a_4_9_batch_2000.nnet
inputs:
[-0.321785 0.063662 -0.496021 -0.363636 -0.333333 ]
[-0.324274 0.031831 -0.496021 -0.363636 -0.333333 ]
[-0.021090 -0.018367 0.018368 -0.018527 0.018528 ]
No CHECK_ADV_MODE
adv found:
[-0.321785 0.039789 -0.496021 -0.363636 -0.333333 ]
[0.002762 -0.038328 -0.000504 -0.038169 0.000000 ]
adv found:
[-0.324274 0.039789 -0.496021 -0.363636 -0.333333 ]
[0.002882 -0.038332 -0.000505 -0.038172 0.000000 ]
time: 0.186578 
