running property 102 with network ./nnet/ACASXU_run2a_2_1_batch_2000.nnet
inputs:
[-0.321785 0.031831 -0.492042 -0.500000 -0.500000 ]
[-0.324274 0.031831 -0.492042 -0.500000 -0.500000 ]
[0.064694 0.065572 0.102922 0.041555 0.099309 ]
No CHECK_ADV_MODE
No adv!
time: 0.000792 
running property 102 with network ./nnet/ACASXU_run2a_2_2_batch_2000.nnet
inputs:
[-0.321785 0.031831 -0.492042 -0.500000 -0.500000 ]
[-0.324274 0.031831 -0.492042 -0.500000 -0.500000 ]
[-0.004200 -0.001340 0.035073 -0.013977 0.030324 ]
No CHECK_ADV_MODE
No adv!
time: 0.004874 
running property 102 with network ./nnet/ACASXU_run2a_2_3_batch_2000.nnet
inputs:
[-0.321785 0.031831 -0.492042 -0.500000 -0.500000 ]
[-0.324274 0.031831 -0.492042 -0.500000 -0.500000 ]
[-0.010289 -0.011948 0.028729 -0.012750 0.025451 ]
No CHECK_ADV_MODE
No adv!
time: 0.000404 
running property 102 with network ./nnet/ACASXU_run2a_2_4_batch_2000.nnet
inputs:
[-0.321785 0.031831 -0.492042 -0.500000 -0.500000 ]
[-0.324274 0.031831 -0.492042 -0.500000 -0.500000 ]
[-0.008468 -0.011124 0.030039 -0.012976 0.026134 ]
No CHECK_ADV_MODE
No adv!
time: 0.003902 
running property 102 with network ./nnet/ACASXU_run2a_2_5_batch_2000.nnet
inputs:
[-0.321785 0.031831 -0.492042 -0.500000 -0.500000 ]
[-0.324274 0.031831 -0.492042 -0.500000 -0.500000 ]
[-0.003873 -0.006333 0.033290 -0.012875 0.026820 ]
No CHECK_ADV_MODE
No adv!
time: 0.001732 
running property 102 with network ./nnet/ACASXU_run2a_2_6_batch_2000.nnet
inputs:
[-0.321785 0.031831 -0.492042 -0.500000 -0.500000 ]
[-0.324274 0.031831 -0.492042 -0.500000 -0.500000 ]
[-0.019434 -0.020694 0.019983 -0.016881 0.021092 ]
No CHECK_ADV_MODE
adv found:
[325.000000 0.200000 -3.091593 100.000000 0.000000 ]
[0.018796 -0.004140 0.005239 -0.003092 0.000000 ]
adv found:
[250.000000 0.200000 -3.091593 100.000000 0.000000 ]
[0.019899 -0.006051 0.005141 -0.003361 0.000000 ]
time: 0.007304 
running property 102 with network ./nnet/ACASXU_run2a_2_7_batch_2000.nnet
inputs:
[-0.321785 0.031831 -0.492042 -0.500000 -0.500000 ]
[-0.324274 0.031831 -0.492042 -0.500000 -0.500000 ]
[-0.020192 -0.019800 0.018021 -0.018671 0.018213 ]
No CHECK_ADV_MODE
adv found:
[306.250000 0.200000 -3.091593 100.000000 0.000000 ]
[-0.009917 -0.071476 0.000128 -0.046686 0.000000 ]
adv found:
[287.500000 0.200000 -3.091593 100.000000 0.000000 ]
[-0.010507 -0.072097 0.000173 -0.046875 0.000000 ]
time: 0.002725 
running property 102 with network ./nnet/ACASXU_run2a_2_8_batch_2000.nnet
inputs:
[-0.321785 0.031831 -0.492042 -0.500000 -0.500000 ]
[-0.324274 0.031831 -0.492042 -0.500000 -0.500000 ]
[-0.021569 -0.019993 0.018123 -0.018676 0.018248 ]
No CHECK_ADV_MODE
adv found:
[287.500000 0.200000 -3.091593 100.000000 0.000000 ]
[-0.000322 -0.045448 -0.002036 -0.035850 0.000000 ]
adv found:
[250.000000 0.200000 -3.091593 100.000000 0.000000 ]
[-0.000300 -0.045424 -0.002033 -0.035856 0.000000 ]
time: 0.001961 
running property 102 with network ./nnet/ACASXU_run2a_2_9_batch_2000.nnet
inputs:
[-0.321785 0.031831 -0.492042 -0.500000 -0.500000 ]
[-0.324274 0.031831 -0.492042 -0.500000 -0.500000 ]
[-0.021078 -0.019714 0.018267 -0.018558 0.018260 ]
No CHECK_ADV_MODE
adv found:
[325.000000 0.200000 -3.091593 100.000000 0.000000 ]
[-0.002214 -0.041643 -0.001399 -0.036198 0.000000 ]
adv found:
[250.000000 0.200000 -3.091593 100.000000 0.000000 ]
[-0.002437 -0.041607 -0.001390 -0.036124 0.000000 ]
time: 0.001074 
running property 102 with network ./nnet/ACASXU_run2a_3_1_batch_2000.nnet
inputs:
[-0.321785 0.031831 -0.492042 -0.500000 -0.500000 ]
[-0.324274 0.031831 -0.492042 -0.500000 -0.500000 ]
[0.070212 0.117440 0.078681 0.114733 0.052856 ]
No CHECK_ADV_MODE
No adv!
time: 0.000516 
running property 102 with network ./nnet/ACASXU_run2a_3_2_batch_2000.nnet
inputs:
[-0.321785 0.031831 -0.492042 -0.500000 -0.500000 ]
[-0.324274 0.031831 -0.492042 -0.500000 -0.500000 ]
[-0.004509 0.033629 -0.004474 0.032288 -0.012413 ]
No CHECK_ADV_MODE
No adv!
time: 0.000520 
running property 102 with network ./nnet/ACASXU_run2a_3_3_batch_2000.nnet
inputs:
[-0.321785 0.031831 -0.492042 -0.500000 -0.500000 ]
[-0.324274 0.031831 -0.492042 -0.500000 -0.500000 ]
[-0.004990 0.032255 -0.006044 0.029402 -0.013538 ]
No CHECK_ADV_MODE
No adv!
time: 0.000524 
running property 102 with network ./nnet/ACASXU_run2a_3_4_batch_2000.nnet
inputs:
[-0.321785 0.031831 -0.492042 -0.500000 -0.500000 ]
[-0.324274 0.031831 -0.492042 -0.500000 -0.500000 ]
[-0.007735 0.031293 -0.009988 0.028420 -0.012625 ]
No CHECK_ADV_MODE
No adv!
time: 0.000527 
running property 102 with network ./nnet/ACASXU_run2a_3_5_batch_2000.nnet
inputs:
[-0.321785 0.031831 -0.492042 -0.500000 -0.500000 ]
[-0.324274 0.031831 -0.492042 -0.500000 -0.500000 ]
[-0.009740 0.032107 -0.007485 0.026448 -0.014399 ]
No CHECK_ADV_MODE
No adv!
time: 0.005382 
running property 102 with network ./nnet/ACASXU_run2a_3_6_batch_2000.nnet
inputs:
[-0.321785 0.031831 -0.492042 -0.500000 -0.500000 ]
[-0.324274 0.031831 -0.492042 -0.500000 -0.500000 ]
[-0.019588 0.018777 -0.020172 0.019598 -0.017824 ]
No CHECK_ADV_MODE
adv found:
[400.000000 0.200000 -3.091593 100.000000 0.000000 ]
[0.060595 0.085929 -0.003761 0.087981 0.000000 ]
adv found:
[325.000000 0.200000 -3.091593 100.000000 0.000000 ]
[0.062053 0.086633 -0.001284 0.088027 0.000000 ]
time: 0.002531 
running property 102 with network ./nnet/ACASXU_run2a_3_7_batch_2000.nnet
inputs:
[-0.321785 0.031831 -0.492042 -0.500000 -0.500000 ]
[-0.324274 0.031831 -0.492042 -0.500000 -0.500000 ]
[-0.020836 0.018598 -0.019346 0.018493 -0.018242 ]
No CHECK_ADV_MODE
adv found:
[400.000000 0.200000 -3.091593 100.000000 0.000000 ]
[0.036095 0.053756 -0.018380 0.054456 0.000000 ]
adv found:
[250.000000 0.200000 -3.091593 100.000000 0.000000 ]
[0.036230 0.053699 -0.018199 0.054382 0.000000 ]
time: 0.000580 
running property 102 with network ./nnet/ACASXU_run2a_3_8_batch_2000.nnet
inputs:
[-0.321785 0.031831 -0.492042 -0.500000 -0.500000 ]
[-0.324274 0.031831 -0.492042 -0.500000 -0.500000 ]
[-0.020926 0.017994 -0.019752 0.018204 -0.018760 ]
No CHECK_ADV_MODE
adv found:
[400.000000 0.200000 -3.091593 100.000000 0.000000 ]
[0.030611 0.032033 -0.015471 0.033058 0.000000 ]
adv found:
[250.000000 0.200000 -3.091593 100.000000 0.000000 ]
[0.030994 0.032345 -0.014855 0.033369 0.000000 ]
time: 0.000447 
running property 102 with network ./nnet/ACASXU_run2a_3_9_batch_2000.nnet
inputs:
[-0.321785 0.031831 -0.492042 -0.500000 -0.500000 ]
[-0.324274 0.031831 -0.492042 -0.500000 -0.500000 ]
[-0.021649 0.018110 -0.019749 0.018294 -0.018284 ]
No CHECK_ADV_MODE
adv found:
[400.000000 0.200000 -3.091593 100.000000 0.000000 ]
[0.052165 0.042053 -0.007944 0.044443 0.000000 ]
adv found:
[250.000000 0.200000 -3.091593 100.000000 0.000000 ]
[0.052108 0.042087 -0.007947 0.044480 0.000000 ]
time: 0.000573 
running property 102 with network ./nnet/ACASXU_run2a_4_1_batch_2000.nnet
inputs:
[-0.321785 0.031831 -0.492042 -0.500000 -0.500000 ]
[-0.324274 0.031831 -0.492042 -0.500000 -0.500000 ]
[0.052905 0.053279 0.087106 0.033828 0.082166 ]
No CHECK_ADV_MODE
No adv!
time: 0.000519 
running property 102 with network ./nnet/ACASXU_run2a_4_2_batch_2000.nnet
inputs:
[-0.321785 0.031831 -0.492042 -0.500000 -0.500000 ]
[-0.324274 0.031831 -0.492042 -0.500000 -0.500000 ]
[-0.001612 0.002172 0.038665 -0.014068 0.034588 ]
No CHECK_ADV_MODE
No adv!
time: 0.004592 
running property 102 with network ./nnet/ACASXU_run2a_4_3_batch_2000.nnet
inputs:
[-0.321785 0.031831 -0.492042 -0.500000 -0.500000 ]
[-0.324274 0.031831 -0.492042 -0.500000 -0.500000 ]
[-0.014829 -0.013094 0.023850 -0.019329 0.022153 ]
No CHECK_ADV_MODE
No adv!
time: 0.000389 
running property 102 with network ./nnet/ACASXU_run2a_4_4_batch_2000.nnet
inputs:
[-0.321785 0.031831 -0.492042 -0.500000 -0.500000 ]
[-0.324274 0.031831 -0.492042 -0.500000 -0.500000 ]
[-0.015616 -0.012441 0.023498 -0.018286 0.020573 ]
No CHECK_ADV_MODE
No adv!
time: 0.000408 
running property 102 with network ./nnet/ACASXU_run2a_4_5_batch_2000.nnet
inputs:
[-0.321785 0.031831 -0.492042 -0.500000 -0.500000 ]
[-0.324274 0.031831 -0.492042 -0.500000 -0.500000 ]
[-0.014681 -0.012326 0.023506 -0.018640 0.021230 ]
No CHECK_ADV_MODE
No adv!
time: 0.005198 
running property 102 with network ./nnet/ACASXU_run2a_4_6_batch_2000.nnet
inputs:
[-0.321785 0.031831 -0.492042 -0.500000 -0.500000 ]
[-0.324274 0.031831 -0.492042 -0.500000 -0.500000 ]
[-0.021886 -0.018392 0.019447 -0.017930 0.018700 ]
No CHECK_ADV_MODE
adv found:
[400.000000 0.200000 -3.091593 100.000000 0.000000 ]
[0.003180 -0.028268 -0.002139 -0.032899 0.000000 ]
adv found:
[250.000000 0.200000 -3.091593 100.000000 0.000000 ]
[0.001523 -0.030651 -0.002683 -0.032432 0.000000 ]
time: 0.000579 
running property 102 with network ./nnet/ACASXU_run2a_4_7_batch_2000.nnet
inputs:
[-0.321785 0.031831 -0.492042 -0.500000 -0.500000 ]
[-0.324274 0.031831 -0.492042 -0.500000 -0.500000 ]
[-0.021130 -0.018470 0.018221 -0.018421 0.018218 ]
No CHECK_ADV_MODE
adv found:
[400.000000 0.200000 -3.091593 100.000000 0.000000 ]
[0.004897 -0.035749 -0.002652 -0.049701 0.000000 ]
adv found:
[250.000000 0.200000 -3.091593 100.000000 0.000000 ]
[0.004212 -0.036685 -0.002554 -0.049883 0.000000 ]
time: 0.000561 
running property 102 with network ./nnet/ACASXU_run2a_4_8_batch_2000.nnet
inputs:
[-0.321785 0.031831 -0.492042 -0.500000 -0.500000 ]
[-0.324274 0.031831 -0.492042 -0.500000 -0.500000 ]
[-0.023170 -0.018520 0.018046 -0.018755 0.018199 ]
No CHECK_ADV_MODE
adv found:
[400.000000 0.200000 -3.091593 100.000000 0.000000 ]
[-0.006583 -0.041020 -0.000927 -0.035172 0.000000 ]
adv found:
[250.000000 0.200000 -3.091593 100.000000 0.000000 ]
[-0.006778 -0.041788 -0.000884 -0.035575 0.000000 ]
time: 0.000607 
running property 102 with network ./nnet/ACASXU_run2a_4_9_batch_2000.nnet
inputs:
[-0.321785 0.031831 -0.492042 -0.500000 -0.500000 ]
[-0.324274 0.031831 -0.492042 -0.500000 -0.500000 ]
[-0.021090 -0.018367 0.018368 -0.018527 0.018528 ]
No CHECK_ADV_MODE
adv found:
[400.000000 0.200000 -3.091593 100.000000 0.000000 ]
[0.009185 -0.038926 -0.000503 -0.038286 0.000000 ]
adv found:
[250.000000 0.200000 -3.091593 100.000000 0.000000 ]
[0.009339 -0.038889 -0.000510 -0.038296 0.000000 ]
time: 0.000563 
