running property 110 with network ./nnet/ACASXU_run2a_1_1_batch_2000.nnet
inputs:
[-0.162478 0.500000 -0.498408 0.500000 0.500000 ]
[-0.311828 0.500000 -0.498408 0.500000 0.500000 ]
[0.046942 0.040103 0.041535 0.030583 0.042628 ]
No CHECK_ADV_MODE
adv found:
[3250.000000 3.141592 -3.131592 1200.000000 1200.000000 ]
[0.000000 -0.006143 -0.005856 -0.005768 -0.004990 ]
adv found:
[3109.375000 3.141592 -3.131592 1200.000000 1200.000000 ]
[0.000000 -0.006117 -0.005824 -0.005734 -0.004969 ]
time: 0.027202 
running property 110 with network ./nnet/ACASXU_run2a_1_2_batch_2000.nnet
inputs:
[-0.162478 0.500000 -0.498408 0.500000 0.500000 ]
[-0.311828 0.500000 -0.498408 0.500000 0.500000 ]
[0.002028 -0.004995 -0.001763 -0.013831 -0.004373 ]
No CHECK_ADV_MODE
adv found:
[2968.750000 3.141592 -3.131592 1200.000000 1200.000000 ]
[0.000000 -0.001962 -0.001561 -0.001543 -0.001546 ]
time: 0.118283 
running property 110 with network ./nnet/ACASXU_run2a_1_3_batch_2000.nnet
inputs:
[-0.162478 0.500000 -0.498408 0.500000 0.500000 ]
[-0.311828 0.500000 -0.498408 0.500000 0.500000 ]
[-0.003398 -0.009760 -0.010340 -0.013667 -0.010613 ]
No CHECK_ADV_MODE
adv found:
[3812.499023 3.141592 -3.131592 1200.000000 1200.000000 ]
[0.000000 -0.002030 -0.002619 -0.002086 -0.001730 ]
adv found:
[3531.249023 3.141592 -3.131592 1200.000000 1200.000000 ]
[0.000000 -0.004181 -0.004677 -0.004181 -0.003814 ]
time: 0.009319 
running property 110 with network ./nnet/ACASXU_run2a_1_4_batch_2000.nnet
inputs:
[-0.162478 0.500000 -0.498408 0.500000 0.500000 ]
[-0.311828 0.500000 -0.498408 0.500000 0.500000 ]
[0.000040 -0.004291 -0.003100 -0.013250 -0.012213 ]
No CHECK_ADV_MODE
adv found:
[2125.000000 3.141592 -3.131592 1200.000000 1200.000000 ]
[0.000000 -0.008885 -0.008241 -0.008589 -0.009034 ]
adv found:
[1843.751953 3.141592 -3.131592 1200.000000 1200.000000 ]
[0.000000 -0.009563 -0.008900 -0.009272 -0.009740 ]
time: 0.062421 
running property 110 with network ./nnet/ACASXU_run2a_1_5_batch_2000.nnet
inputs:
[-0.162478 0.500000 -0.498408 0.500000 0.500000 ]
[-0.311828 0.500000 -0.498408 0.500000 0.500000 ]
[-0.002883 -0.008818 -0.008720 -0.013847 -0.013581 ]
No CHECK_ADV_MODE
adv found:
[3250.000000 3.141592 -3.131592 1200.000000 1200.000000 ]
[0.000000 -0.005381 -0.005456 -0.005637 -0.005581 ]
adv found:
[3179.687500 3.141592 -3.131592 1200.000000 1200.000000 ]
[0.000000 -0.005381 -0.005455 -0.005635 -0.005576 ]
time: 0.010841 
running property 110 with network ./nnet/ACASXU_run2a_1_6_batch_2000.nnet
inputs:
[-0.162478 0.500000 -0.498408 0.500000 0.500000 ]
[-0.311828 0.500000 -0.498408 0.500000 0.500000 ]
[-0.013387 -0.019234 -0.019142 -0.018046 -0.017997 ]
No CHECK_ADV_MODE
adv found:
[1562.501953 3.141592 -3.131592 1200.000000 1200.000000 ]
[0.000000 -0.005516 -0.005572 -0.005120 -0.005390 ]
adv found:
[1281.250000 3.141592 -3.131592 1200.000000 1200.000000 ]
[0.000000 -0.005430 -0.005497 -0.005053 -0.005311 ]
time: 0.154755 
running property 110 with network ./nnet/ACASXU_run2a_1_7_batch_2000.nnet
inputs:
[-0.162478 0.500000 -0.498408 0.500000 0.500000 ]
[-0.311828 0.500000 -0.498408 0.500000 0.500000 ]
[-0.020158 -0.019280 -0.019460 -0.019199 -0.019219 ]
No CHECK_ADV_MODE
No adv!
time: 0.009729 
running property 110 with network ./nnet/ACASXU_run2a_1_8_batch_2000.nnet
inputs:
[-0.162478 0.500000 -0.498408 0.500000 0.500000 ]
[-0.311828 0.500000 -0.498408 0.500000 0.500000 ]
[-0.020206 -0.019443 -0.019425 -0.019472 -0.019493 ]
No CHECK_ADV_MODE
No adv!
time: 0.008009 
running property 110 with network ./nnet/ACASXU_run2a_1_9_batch_2000.nnet
inputs:
[-0.162478 0.500000 -0.498408 0.500000 0.500000 ]
[-0.311828 0.500000 -0.498408 0.500000 0.500000 ]
[-0.020211 -0.019596 -0.019770 -0.020227 -0.019984 ]
No CHECK_ADV_MODE
No adv!
time: 0.012350 
running property 110 with network ./nnet/ACASXU_run2a_2_1_batch_2000.nnet
inputs:
[-0.162478 0.500000 -0.498408 0.500000 0.500000 ]
[-0.311828 0.500000 -0.498408 0.500000 0.500000 ]
[0.064694 0.065572 0.102922 0.041555 0.099309 ]
No CHECK_ADV_MODE
adv found:
[1140.626953 3.141592 -3.131592 1200.000000 1200.000000 ]
[0.000000 -0.004991 0.040433 0.003156 0.038538 ]
adv found:
[1131.835938 3.141592 -3.131592 1200.000000 1200.000000 ]
[0.000000 -0.004954 0.040582 0.003472 0.038619 ]
time: 0.119712 
running property 110 with network ./nnet/ACASXU_run2a_2_2_batch_2000.nnet
inputs:
[-0.162478 0.500000 -0.498408 0.500000 0.500000 ]
[-0.311828 0.500000 -0.498408 0.500000 0.500000 ]
[-0.004200 -0.001340 0.035073 -0.013977 0.030324 ]
No CHECK_ADV_MODE
adv found:
[1562.501953 3.141592 -3.131592 1200.000000 1200.000000 ]
[0.000000 -0.000738 0.039171 0.001567 0.038178 ]
adv found:
[1281.250000 3.141592 -3.131592 1200.000000 1200.000000 ]
[0.000000 -0.001139 0.039135 0.001429 0.038100 ]
time: 0.014074 
running property 110 with network ./nnet/ACASXU_run2a_2_3_batch_2000.nnet
inputs:
[-0.162478 0.500000 -0.498408 0.500000 0.500000 ]
[-0.311828 0.500000 -0.498408 0.500000 0.500000 ]
[-0.010289 -0.011948 0.028729 -0.012750 0.025451 ]
No CHECK_ADV_MODE
adv found:
[1105.468750 3.141592 -3.131592 1200.000000 1200.000000 ]
[0.000000 -0.001933 0.039077 0.002029 0.038473 ]
time: 0.010889 
running property 110 with network ./nnet/ACASXU_run2a_2_4_batch_2000.nnet
inputs:
[-0.162478 0.500000 -0.498408 0.500000 0.500000 ]
[-0.311828 0.500000 -0.498408 0.500000 0.500000 ]
[-0.008468 -0.011124 0.030039 -0.012976 0.026134 ]
No CHECK_ADV_MODE
adv found:
[3250.000000 3.141592 -3.131592 1200.000000 1200.000000 ]
[0.000000 -0.000513 0.038400 0.002148 0.038660 ]
adv found:
[2125.000000 3.141592 -3.131592 1200.000000 1200.000000 ]
[0.000000 -0.000513 0.038400 0.002148 0.038660 ]
time: 0.015558 
running property 110 with network ./nnet/ACASXU_run2a_2_5_batch_2000.nnet
inputs:
[-0.162478 0.500000 -0.498408 0.500000 0.500000 ]
[-0.311828 0.500000 -0.498408 0.500000 0.500000 ]
[-0.003873 -0.006333 0.033290 -0.012875 0.026820 ]
No CHECK_ADV_MODE
adv found:
[1562.501953 3.141592 -3.131592 1200.000000 1200.000000 ]
[0.000000 -0.005575 0.036761 -0.001715 0.035089 ]
adv found:
[1281.250000 3.141592 -3.131592 1200.000000 1200.000000 ]
[0.000000 -0.013129 0.036000 -0.004418 0.032682 ]
time: 0.034671 
running property 110 with network ./nnet/ACASXU_run2a_2_6_batch_2000.nnet
inputs:
[-0.162478 0.500000 -0.498408 0.500000 0.500000 ]
[-0.311828 0.500000 -0.498408 0.500000 0.500000 ]
[-0.019434 -0.020694 0.019983 -0.016881 0.021092 ]
No CHECK_ADV_MODE
No adv!
time: 0.017741 
running property 110 with network ./nnet/ACASXU_run2a_2_7_batch_2000.nnet
inputs:
[-0.162478 0.500000 -0.498408 0.500000 0.500000 ]
[-0.311828 0.500000 -0.498408 0.500000 0.500000 ]
[-0.020192 -0.019800 0.018021 -0.018671 0.018213 ]
No CHECK_ADV_MODE
No adv!
time: 0.009051 
running property 110 with network ./nnet/ACASXU_run2a_2_8_batch_2000.nnet
inputs:
[-0.162478 0.500000 -0.498408 0.500000 0.500000 ]
[-0.311828 0.500000 -0.498408 0.500000 0.500000 ]
[-0.021569 -0.019993 0.018123 -0.018676 0.018248 ]
No CHECK_ADV_MODE
No adv!
time: 0.005078 
running property 110 with network ./nnet/ACASXU_run2a_2_9_batch_2000.nnet
inputs:
[-0.162478 0.500000 -0.498408 0.500000 0.500000 ]
[-0.311828 0.500000 -0.498408 0.500000 0.500000 ]
[-0.021078 -0.019714 0.018267 -0.018558 0.018260 ]
No CHECK_ADV_MODE
No adv!
time: 0.005301 
running property 110 with network ./nnet/ACASXU_run2a_3_1_batch_2000.nnet
inputs:
[-0.162478 0.500000 -0.498408 0.500000 0.500000 ]
[-0.311828 0.500000 -0.498408 0.500000 0.500000 ]
[0.070212 0.117440 0.078681 0.114733 0.052856 ]
No CHECK_ADV_MODE
adv found:
[1421.875000 3.141592 -3.131592 1200.000000 1200.000000 ]
[0.000000 0.039060 -0.003770 0.037469 -0.001387 ]
adv found:
[1281.250000 3.141592 -3.131592 1200.000000 1200.000000 ]
[0.000000 0.040232 -0.004799 0.038498 0.001266 ]
time: 0.150639 
running property 110 with network ./nnet/ACASXU_run2a_3_2_batch_2000.nnet
inputs:
[-0.162478 0.500000 -0.498408 0.500000 0.500000 ]
[-0.311828 0.500000 -0.498408 0.500000 0.500000 ]
[-0.004509 0.033629 -0.004474 0.032288 -0.012413 ]
No CHECK_ADV_MODE
adv found:
[1000.000000 3.141592 -3.131592 1200.000000 1200.000000 ]
[0.000000 0.039798 -0.000722 0.040573 0.003481 ]
time: 0.013261 
running property 110 with network ./nnet/ACASXU_run2a_3_3_batch_2000.nnet
inputs:
[-0.162478 0.500000 -0.498408 0.500000 0.500000 ]
[-0.311828 0.500000 -0.498408 0.500000 0.500000 ]
[-0.004990 0.032255 -0.006044 0.029402 -0.013538 ]
No CHECK_ADV_MODE
adv found:
[1281.250000 3.141592 -3.131592 1200.000000 1200.000000 ]
[0.000000 0.037620 -0.003112 0.038122 0.002606 ]
adv found:
[1000.000000 3.141592 -3.131592 1200.000000 1200.000000 ]
[0.000000 0.037411 -0.003211 0.038113 0.002664 ]
time: 0.031774 
running property 110 with network ./nnet/ACASXU_run2a_3_4_batch_2000.nnet
inputs:
[-0.162478 0.500000 -0.498408 0.500000 0.500000 ]
[-0.311828 0.500000 -0.498408 0.500000 0.500000 ]
[-0.007735 0.031293 -0.009988 0.028420 -0.012625 ]
No CHECK_ADV_MODE
adv found:
[1421.875000 3.141592 -3.131592 1200.000000 1200.000000 ]
[0.000000 0.039159 -0.003472 0.041377 0.004327 ]
adv found:
[1351.564453 3.141592 -3.131592 1200.000000 1200.000000 ]
[0.000000 0.039181 -0.003870 0.041555 0.004505 ]
time: 0.021654 
running property 110 with network ./nnet/ACASXU_run2a_3_5_batch_2000.nnet
inputs:
[-0.162478 0.500000 -0.498408 0.500000 0.500000 ]
[-0.311828 0.500000 -0.498408 0.500000 0.500000 ]
[-0.009740 0.032107 -0.007485 0.026448 -0.014399 ]
No CHECK_ADV_MODE
adv found:
[2125.000000 3.141592 -3.131592 1200.000000 1200.000000 ]
[0.000000 0.038664 -0.000875 0.038638 0.003608 ]
adv found:
[1562.501953 3.141592 -3.131592 1200.000000 1200.000000 ]
[0.000000 0.038281 -0.001928 0.038319 0.004267 ]
time: 0.005783 
running property 110 with network ./nnet/ACASXU_run2a_3_6_batch_2000.nnet
inputs:
[-0.162478 0.500000 -0.498408 0.500000 0.500000 ]
[-0.311828 0.500000 -0.498408 0.500000 0.500000 ]
[-0.019588 0.018777 -0.020172 0.019598 -0.017824 ]
No CHECK_ADV_MODE
adv found:
[3250.000000 3.141592 -3.131592 1200.000000 1200.000000 ]
[0.000000 0.038364 -0.000584 0.039185 0.001763 ]
adv found:
[1000.000000 3.141592 -3.131592 1200.000000 1200.000000 ]
[0.000000 0.038364 -0.000584 0.039185 0.001763 ]
time: 0.006446 
running property 110 with network ./nnet/ACASXU_run2a_3_7_batch_2000.nnet
inputs:
[-0.162478 0.500000 -0.498408 0.500000 0.500000 ]
[-0.311828 0.500000 -0.498408 0.500000 0.500000 ]
[-0.020836 0.018598 -0.019346 0.018493 -0.018242 ]
No CHECK_ADV_MODE
No adv!
time: 0.008554 
running property 110 with network ./nnet/ACASXU_run2a_3_8_batch_2000.nnet
inputs:
[-0.162478 0.500000 -0.498408 0.500000 0.500000 ]
[-0.311828 0.500000 -0.498408 0.500000 0.500000 ]
[-0.020926 0.017994 -0.019752 0.018204 -0.018760 ]
No CHECK_ADV_MODE
No adv!
time: 0.006888 
running property 110 with network ./nnet/ACASXU_run2a_3_9_batch_2000.nnet
inputs:
[-0.162478 0.500000 -0.498408 0.500000 0.500000 ]
[-0.311828 0.500000 -0.498408 0.500000 0.500000 ]
[-0.021649 0.018110 -0.019749 0.018294 -0.018284 ]
No CHECK_ADV_MODE
No adv!
time: 0.014140 
running property 110 with network ./nnet/ACASXU_run2a_4_1_batch_2000.nnet
inputs:
[-0.162478 0.500000 -0.498408 0.500000 0.500000 ]
[-0.311828 0.500000 -0.498408 0.500000 0.500000 ]
[0.052905 0.053279 0.087106 0.033828 0.082166 ]
No CHECK_ADV_MODE
No adv!
time: 0.009767 
running property 110 with network ./nnet/ACASXU_run2a_4_2_batch_2000.nnet
inputs:
[-0.162478 0.500000 -0.498408 0.500000 0.500000 ]
[-0.311828 0.500000 -0.498408 0.500000 0.500000 ]
[-0.001612 0.002172 0.038665 -0.014068 0.034588 ]
No CHECK_ADV_MODE
No adv!
time: 0.026087 
running property 110 with network ./nnet/ACASXU_run2a_4_3_batch_2000.nnet
inputs:
[-0.162478 0.500000 -0.498408 0.500000 0.500000 ]
[-0.311828 0.500000 -0.498408 0.500000 0.500000 ]
[-0.014829 -0.013094 0.023850 -0.019329 0.022153 ]
No CHECK_ADV_MODE
No adv!
time: 0.004625 
running property 110 with network ./nnet/ACASXU_run2a_4_4_batch_2000.nnet
inputs:
[-0.162478 0.500000 -0.498408 0.500000 0.500000 ]
[-0.311828 0.500000 -0.498408 0.500000 0.500000 ]
[-0.015616 -0.012441 0.023498 -0.018286 0.020573 ]
No CHECK_ADV_MODE
No adv!
time: 0.008844 
running property 110 with network ./nnet/ACASXU_run2a_4_5_batch_2000.nnet
inputs:
[-0.162478 0.500000 -0.498408 0.500000 0.500000 ]
[-0.311828 0.500000 -0.498408 0.500000 0.500000 ]
[-0.014681 -0.012326 0.023506 -0.018640 0.021230 ]
No CHECK_ADV_MODE
No adv!
time: 0.010056 
running property 110 with network ./nnet/ACASXU_run2a_4_6_batch_2000.nnet
inputs:
[-0.162478 0.500000 -0.498408 0.500000 0.500000 ]
[-0.311828 0.500000 -0.498408 0.500000 0.500000 ]
[-0.021886 -0.018392 0.019447 -0.017930 0.018700 ]
No CHECK_ADV_MODE
No adv!
time: 0.006097 
running property 110 with network ./nnet/ACASXU_run2a_4_7_batch_2000.nnet
inputs:
[-0.162478 0.500000 -0.498408 0.500000 0.500000 ]
[-0.311828 0.500000 -0.498408 0.500000 0.500000 ]
[-0.021130 -0.018470 0.018221 -0.018421 0.018218 ]
No CHECK_ADV_MODE
No adv!
time: 0.014958 
running property 110 with network ./nnet/ACASXU_run2a_4_8_batch_2000.nnet
inputs:
[-0.162478 0.500000 -0.498408 0.500000 0.500000 ]
[-0.311828 0.500000 -0.498408 0.500000 0.500000 ]
[-0.023170 -0.018520 0.018046 -0.018755 0.018199 ]
No CHECK_ADV_MODE
No adv!
time: 0.005893 
running property 110 with network ./nnet/ACASXU_run2a_4_9_batch_2000.nnet
inputs:
[-0.162478 0.500000 -0.498408 0.500000 0.500000 ]
[-0.311828 0.500000 -0.498408 0.500000 0.500000 ]
[-0.021090 -0.018367 0.018368 -0.018527 0.018528 ]
No CHECK_ADV_MODE
No adv!
time: 0.005900 
running property 110 with network ./nnet/ACASXU_run2a_5_1_batch_2000.nnet
inputs:
[-0.162478 0.500000 -0.498408 0.500000 0.500000 ]
[-0.311828 0.500000 -0.498408 0.500000 0.500000 ]
[0.040480 0.074327 0.043423 0.066928 0.022927 ]
No CHECK_ADV_MODE
No adv!
time: 0.021021 
running property 110 with network ./nnet/ACASXU_run2a_5_2_batch_2000.nnet
inputs:
[-0.162478 0.500000 -0.498408 0.500000 0.500000 ]
[-0.311828 0.500000 -0.498408 0.500000 0.500000 ]
[-0.000288 0.039309 0.003605 0.038413 -0.014653 ]
No CHECK_ADV_MODE
No adv!
time: 0.008643 
running property 110 with network ./nnet/ACASXU_run2a_5_3_batch_2000.nnet
inputs:
[-0.162478 0.500000 -0.498408 0.500000 0.500000 ]
[-0.311828 0.500000 -0.498408 0.500000 0.500000 ]
[-0.017116 0.026859 -0.009260 0.023880 -0.018080 ]
No CHECK_ADV_MODE
No adv!
time: 0.050150 
running property 110 with network ./nnet/ACASXU_run2a_5_4_batch_2000.nnet
inputs:
[-0.162478 0.500000 -0.498408 0.500000 0.500000 ]
[-0.311828 0.500000 -0.498408 0.500000 0.500000 ]
[-0.014469 0.024078 -0.012164 0.022106 -0.018498 ]
No CHECK_ADV_MODE
No adv!
time: 0.007634 
running property 110 with network ./nnet/ACASXU_run2a_5_5_batch_2000.nnet
inputs:
[-0.162478 0.500000 -0.498408 0.500000 0.500000 ]
[-0.311828 0.500000 -0.498408 0.500000 0.500000 ]
[-0.014719 0.024407 -0.011742 0.020942 -0.018247 ]
No CHECK_ADV_MODE
No adv!
time: 0.002781 
running property 110 with network ./nnet/ACASXU_run2a_5_6_batch_2000.nnet
inputs:
[-0.162478 0.500000 -0.498408 0.500000 0.500000 ]
[-0.311828 0.500000 -0.498408 0.500000 0.500000 ]
[-0.020459 0.018220 -0.018345 0.018622 -0.017944 ]
No CHECK_ADV_MODE
No adv!
time: 0.012857 
running property 110 with network ./nnet/ACASXU_run2a_5_7_batch_2000.nnet
inputs:
[-0.162478 0.500000 -0.498408 0.500000 0.500000 ]
[-0.311828 0.500000 -0.498408 0.500000 0.500000 ]
[-0.020162 0.018109 -0.018609 0.018095 -0.018771 ]
No CHECK_ADV_MODE
No adv!
time: 0.004936 
running property 110 with network ./nnet/ACASXU_run2a_5_8_batch_2000.nnet
inputs:
[-0.162478 0.500000 -0.498408 0.500000 0.500000 ]
[-0.311828 0.500000 -0.498408 0.500000 0.500000 ]
[-0.020087 0.018135 -0.018522 0.018404 -0.018309 ]
No CHECK_ADV_MODE
No adv!
time: 0.006266 
running property 110 with network ./nnet/ACASXU_run2a_5_9_batch_2000.nnet
inputs:
[-0.162478 0.500000 -0.498408 0.500000 0.500000 ]
[-0.311828 0.500000 -0.498408 0.500000 0.500000 ]
[-0.020551 0.018032 -0.018809 0.018164 -0.018421 ]
No CHECK_ADV_MODE
No adv!
time: 0.003702 
