running property 112 with network ./nnet/ACASXU_run2a_1_1_batch_2000.nnet
inputs:
[-0.311828 0.500000 -0.498408 0.500000 0.500000 ]
[-0.311828 0.500000 -0.498408 0.500000 -0.500000 ]
[0.046942 0.040103 0.041535 0.030583 0.042628 ]
No CHECK_ADV_MODE
adv found:
[1000.000000 3.141592 -3.131592 1200.000000 1125.000000 ]
[0.000000 -0.004056 -0.003890 -0.003696 -0.003280 ]
adv found:
[1000.000000 3.141592 -3.131592 1200.000000 1050.000000 ]
[0.000000 -0.003225 -0.003074 -0.002903 -0.002497 ]
time: 0.341271 
running property 112 with network ./nnet/ACASXU_run2a_1_2_batch_2000.nnet
inputs:
[-0.311828 0.500000 -0.498408 0.500000 0.500000 ]
[-0.311828 0.500000 -0.498408 0.500000 -0.500000 ]
[0.002028 -0.004995 -0.001763 -0.013831 -0.004373 ]
No CHECK_ADV_MODE
adv found:
[1000.000000 3.141592 -3.131592 1200.000000 825.000000 ]
[0.000000 -0.005461 -0.004755 -0.004431 -0.004507 ]
adv found:
[1000.000000 3.141592 -3.131592 1200.000000 750.000000 ]
[0.000000 -0.005387 -0.004687 -0.004324 -0.004404 ]
time: 0.660678 
running property 112 with network ./nnet/ACASXU_run2a_1_3_batch_2000.nnet
inputs:
[-0.311828 0.500000 -0.498408 0.500000 0.500000 ]
[-0.311828 0.500000 -0.498408 0.500000 -0.500000 ]
[-0.003398 -0.009760 -0.010340 -0.013667 -0.010613 ]
No CHECK_ADV_MODE
adv found:
[1000.000000 3.141592 -3.131592 1200.000000 675.000000 ]
[0.000000 -0.005932 -0.007524 -0.006525 -0.009293 ]
adv found:
[1000.000000 3.141592 -3.131592 1200.000000 656.250000 ]
[0.000000 -0.005959 -0.007532 -0.006530 -0.009232 ]
time: 0.591797 
running property 112 with network ./nnet/ACASXU_run2a_1_4_batch_2000.nnet
inputs:
[-0.311828 0.500000 -0.498408 0.500000 0.500000 ]
[-0.311828 0.500000 -0.498408 0.500000 -0.500000 ]
[0.000040 -0.004291 -0.003100 -0.013250 -0.012213 ]
No CHECK_ADV_MODE
adv found:
[1000.000000 3.141592 -3.131592 1200.000000 750.000000 ]
[0.000000 -0.009705 -0.008101 -0.008960 -0.008510 ]
adv found:
[1000.000000 3.141592 -3.131592 1200.000000 675.000000 ]
[0.000000 -0.009298 -0.007668 -0.008553 -0.008045 ]
time: 0.281270 
running property 112 with network ./nnet/ACASXU_run2a_1_5_batch_2000.nnet
inputs:
[-0.311828 0.500000 -0.498408 0.500000 0.500000 ]
[-0.311828 0.500000 -0.498408 0.500000 -0.500000 ]
[-0.002883 -0.008818 -0.008720 -0.013847 -0.013581 ]
No CHECK_ADV_MODE
adv found:
[1000.000000 3.141592 -3.131592 1200.000000 1200.000000 ]
[0.000000 -0.005848 -0.004938 -0.005691 -0.004434 ]
adv found:
[1000.000000 3.141592 -3.131592 1200.000000 1050.000000 ]
[0.000000 -0.005621 -0.004786 -0.005725 -0.004305 ]
time: 0.396286 
running property 112 with network ./nnet/ACASXU_run2a_1_6_batch_2000.nnet
inputs:
[-0.311828 0.500000 -0.498408 0.500000 0.500000 ]
[-0.311828 0.500000 -0.498408 0.500000 -0.500000 ]
[-0.013387 -0.019234 -0.019142 -0.018046 -0.017997 ]
No CHECK_ADV_MODE
adv found:
[1000.000000 3.141592 -3.131592 1200.000000 1200.000000 ]
[0.000000 -0.005355 -0.005397 -0.004972 -0.005190 ]
adv found:
[1000.000000 3.141592 -3.131592 1200.000000 1125.000000 ]
[0.000000 -0.005378 -0.005411 -0.004979 -0.005200 ]
time: 0.634408 
running property 112 with network ./nnet/ACASXU_run2a_1_7_batch_2000.nnet
inputs:
[-0.311828 0.500000 -0.498408 0.500000 0.500000 ]
[-0.311828 0.500000 -0.498408 0.500000 -0.500000 ]
[-0.020158 -0.019280 -0.019460 -0.019199 -0.019219 ]
No CHECK_ADV_MODE
No adv!
time: 0.371533 
running property 112 with network ./nnet/ACASXU_run2a_1_8_batch_2000.nnet
inputs:
[-0.311828 0.500000 -0.498408 0.500000 0.500000 ]
[-0.311828 0.500000 -0.498408 0.500000 -0.500000 ]
[-0.020206 -0.019443 -0.019425 -0.019472 -0.019493 ]
No CHECK_ADV_MODE
No adv!
time: 0.857144 
running property 112 with network ./nnet/ACASXU_run2a_1_9_batch_2000.nnet
inputs:
[-0.311828 0.500000 -0.498408 0.500000 0.500000 ]
[-0.311828 0.500000 -0.498408 0.500000 -0.500000 ]
[-0.020211 -0.019596 -0.019770 -0.020227 -0.019984 ]
No CHECK_ADV_MODE
No adv!
time: 0.640200 
running property 112 with network ./nnet/ACASXU_run2a_2_1_batch_2000.nnet
inputs:
[-0.311828 0.500000 -0.498408 0.500000 0.500000 ]
[-0.311828 0.500000 -0.498408 0.500000 -0.500000 ]
[0.064694 0.065572 0.102922 0.041555 0.099309 ]
No CHECK_ADV_MODE
adv found:
[1000.000000 3.141592 -3.131592 1200.000000 975.000000 ]
[0.000000 -0.004832 0.042128 0.006214 0.040052 ]
adv found:
[1000.000000 3.141592 -3.131592 1200.000000 956.250000 ]
[0.000000 -0.004851 0.042267 0.006158 0.040186 ]
time: 0.384549 
running property 112 with network ./nnet/ACASXU_run2a_2_2_batch_2000.nnet
inputs:
[-0.311828 0.500000 -0.498408 0.500000 0.500000 ]
[-0.311828 0.500000 -0.498408 0.500000 -0.500000 ]
[-0.004200 -0.001340 0.035073 -0.013977 0.030324 ]
No CHECK_ADV_MODE
adv found:
[1000.000000 3.141592 -3.131592 1200.000000 975.000000 ]
[0.000000 -0.001855 0.039294 0.001236 0.038117 ]
adv found:
[1000.000000 3.141592 -3.131592 1200.000000 900.000000 ]
[0.000000 -0.002527 0.039131 0.000979 0.037915 ]
time: 0.684035 
running property 112 with network ./nnet/ACASXU_run2a_2_3_batch_2000.nnet
inputs:
[-0.311828 0.500000 -0.498408 0.500000 0.500000 ]
[-0.311828 0.500000 -0.498408 0.500000 -0.500000 ]
[-0.010289 -0.011948 0.028729 -0.012750 0.025451 ]
No CHECK_ADV_MODE
adv found:
[1000.000000 3.141592 -3.131592 1200.000000 300.000000 ]
[0.000000 -0.007057 0.038516 0.000034 0.037124 ]
adv found:
[1000.000000 3.141592 -3.131592 1200.000000 225.000000 ]
[0.000000 -0.007334 0.038380 -0.000082 0.037004 ]
time: 0.286709 
running property 112 with network ./nnet/ACASXU_run2a_2_4_batch_2000.nnet
inputs:
[-0.311828 0.500000 -0.498408 0.500000 0.500000 ]
[-0.311828 0.500000 -0.498408 0.500000 -0.500000 ]
[-0.008468 -0.011124 0.030039 -0.012976 0.026134 ]
No CHECK_ADV_MODE
adv found:
[1000.000000 3.141592 -3.131592 1200.000000 750.000000 ]
[0.000000 -0.010752 0.038788 0.002734 0.037783 ]
adv found:
[1000.000000 3.141592 -3.131592 1200.000000 675.000000 ]
[0.000000 -0.012199 0.038839 0.003938 0.038300 ]
time: 0.448930 
running property 112 with network ./nnet/ACASXU_run2a_2_5_batch_2000.nnet
inputs:
[-0.311828 0.500000 -0.498408 0.500000 0.500000 ]
[-0.311828 0.500000 -0.498408 0.500000 -0.500000 ]
[-0.003873 -0.006333 0.033290 -0.012875 0.026820 ]
No CHECK_ADV_MODE
adv found:
[1000.000000 3.141592 -3.131592 1200.000000 1125.000000 ]
[0.000000 -0.012798 0.035921 -0.004338 0.032678 ]
adv found:
[1000.000000 3.141592 -3.131592 1200.000000 1050.000000 ]
[0.000000 -0.012696 0.035782 -0.004354 0.032563 ]
time: 0.229231 
running property 112 with network ./nnet/ACASXU_run2a_2_6_batch_2000.nnet
inputs:
[-0.311828 0.500000 -0.498408 0.500000 0.500000 ]
[-0.311828 0.500000 -0.498408 0.500000 -0.500000 ]
[-0.019434 -0.020694 0.019983 -0.016881 0.021092 ]
No CHECK_ADV_MODE
adv found:
[1000.000000 3.141592 -3.131592 1200.000000 787.500000 ]
[0.000000 -0.000521 0.039168 0.002407 0.040040 ]
adv found:
[1000.000000 3.141592 -3.131592 1200.000000 750.000000 ]
[0.000000 -0.000514 0.039166 0.002406 0.040035 ]
time: 0.657021 
running property 112 with network ./nnet/ACASXU_run2a_2_7_batch_2000.nnet
inputs:
[-0.311828 0.500000 -0.498408 0.500000 0.500000 ]
[-0.311828 0.500000 -0.498408 0.500000 -0.500000 ]
[-0.020192 -0.019800 0.018021 -0.018671 0.018213 ]
No CHECK_ADV_MODE
No adv!
time: 0.031065 
running property 112 with network ./nnet/ACASXU_run2a_2_8_batch_2000.nnet
inputs:
[-0.311828 0.500000 -0.498408 0.500000 0.500000 ]
[-0.311828 0.500000 -0.498408 0.500000 -0.500000 ]
[-0.021569 -0.019993 0.018123 -0.018676 0.018248 ]
No CHECK_ADV_MODE
No adv!
time: 0.341570 
running property 112 with network ./nnet/ACASXU_run2a_2_9_batch_2000.nnet
inputs:
[-0.311828 0.500000 -0.498408 0.500000 0.500000 ]
[-0.311828 0.500000 -0.498408 0.500000 -0.500000 ]
[-0.021078 -0.019714 0.018267 -0.018558 0.018260 ]
No CHECK_ADV_MODE
No adv!
time: 0.253271 
running property 112 with network ./nnet/ACASXU_run2a_3_1_batch_2000.nnet
inputs:
[-0.311828 0.500000 -0.498408 0.500000 0.500000 ]
[-0.311828 0.500000 -0.498408 0.500000 -0.500000 ]
[0.070212 0.117440 0.078681 0.114733 0.052856 ]
No CHECK_ADV_MODE
adv found:
[1000.000000 3.141592 -3.131592 1200.000000 1200.000000 ]
[0.000000 0.042274 -0.006718 0.040059 0.005343 ]
adv found:
[1000.000000 3.141592 -3.131592 1200.000000 1125.000000 ]
[0.000000 0.042520 -0.007031 0.040252 0.005276 ]
time: 0.342634 
running property 112 with network ./nnet/ACASXU_run2a_3_2_batch_2000.nnet
inputs:
[-0.311828 0.500000 -0.498408 0.500000 0.500000 ]
[-0.311828 0.500000 -0.498408 0.500000 -0.500000 ]
[-0.004509 0.033629 -0.004474 0.032288 -0.012413 ]
No CHECK_ADV_MODE
adv found:
[1000.000000 3.141592 -3.131592 1200.000000 900.000000 ]
[0.000000 0.039785 -0.000251 0.040542 0.003505 ]
adv found:
[1000.000000 3.141592 -3.131592 1200.000000 825.000000 ]
[0.000000 0.039787 -0.000305 0.040545 0.003502 ]
time: 0.241075 
running property 112 with network ./nnet/ACASXU_run2a_3_3_batch_2000.nnet
inputs:
[-0.311828 0.500000 -0.498408 0.500000 0.500000 ]
[-0.311828 0.500000 -0.498408 0.500000 -0.500000 ]
[-0.004990 0.032255 -0.006044 0.029402 -0.013538 ]
No CHECK_ADV_MODE
adv found:
[1000.000000 3.141592 -3.131592 1200.000000 37.500000 ]
[0.000000 0.037804 -0.002906 0.038454 0.001035 ]
adv found:
[1000.000000 3.141592 -3.131592 1200.000000 0.000000 ]
[0.000000 0.038107 -0.002220 0.039184 0.002990 ]
time: 0.376858 
running property 112 with network ./nnet/ACASXU_run2a_3_4_batch_2000.nnet
inputs:
[-0.311828 0.500000 -0.498408 0.500000 0.500000 ]
[-0.311828 0.500000 -0.498408 0.500000 -0.500000 ]
[-0.007735 0.031293 -0.009988 0.028420 -0.012625 ]
No CHECK_ADV_MODE
adv found:
[1000.000000 3.141592 -3.131592 1200.000000 356.250000 ]
[0.000000 0.039269 -0.006848 0.042725 0.005685 ]
adv found:
[1000.000000 3.141592 -3.131592 1200.000000 337.500000 ]
[0.000000 0.039125 -0.007232 0.042572 0.005554 ]
time: 0.352212 
running property 112 with network ./nnet/ACASXU_run2a_3_5_batch_2000.nnet
inputs:
[-0.311828 0.500000 -0.498408 0.500000 0.500000 ]
[-0.311828 0.500000 -0.498408 0.500000 -0.500000 ]
[-0.009740 0.032107 -0.007485 0.026448 -0.014399 ]
No CHECK_ADV_MODE
adv found:
[1000.000000 3.141592 -3.131592 1200.000000 300.000000 ]
[0.000000 0.038311 -0.002986 0.037691 0.003197 ]
adv found:
[1000.000000 3.141592 -3.131592 1200.000000 262.500000 ]
[0.000000 0.038377 -0.003115 0.037567 0.002800 ]
time: 0.296530 
running property 112 with network ./nnet/ACASXU_run2a_3_6_batch_2000.nnet
inputs:
[-0.311828 0.500000 -0.498408 0.500000 0.500000 ]
[-0.311828 0.500000 -0.498408 0.500000 -0.500000 ]
[-0.019588 0.018777 -0.020172 0.019598 -0.017824 ]
No CHECK_ADV_MODE
adv found:
[1000.000000 3.141592 -3.131592 1200.000000 750.000000 ]
[0.000000 0.038364 -0.000584 0.039185 0.001763 ]
adv found:
[1000.000000 3.141592 -3.131592 1200.000000 675.000000 ]
[0.000000 0.038364 -0.000584 0.039185 0.001763 ]
time: 0.088719 
running property 112 with network ./nnet/ACASXU_run2a_3_7_batch_2000.nnet
inputs:
[-0.311828 0.500000 -0.498408 0.500000 0.500000 ]
[-0.311828 0.500000 -0.498408 0.500000 -0.500000 ]
[-0.020836 0.018598 -0.019346 0.018493 -0.018242 ]
No CHECK_ADV_MODE
No adv!
time: 0.278209 
running property 112 with network ./nnet/ACASXU_run2a_3_8_batch_2000.nnet
inputs:
[-0.311828 0.500000 -0.498408 0.500000 0.500000 ]
[-0.311828 0.500000 -0.498408 0.500000 -0.500000 ]
[-0.020926 0.017994 -0.019752 0.018204 -0.018760 ]
No CHECK_ADV_MODE
No adv!
time: 0.312829 
running property 112 with network ./nnet/ACASXU_run2a_3_9_batch_2000.nnet
inputs:
[-0.311828 0.500000 -0.498408 0.500000 0.500000 ]
[-0.311828 0.500000 -0.498408 0.500000 -0.500000 ]
[-0.021649 0.018110 -0.019749 0.018294 -0.018284 ]
No CHECK_ADV_MODE
No adv!
time: 0.371813 
running property 112 with network ./nnet/ACASXU_run2a_4_1_batch_2000.nnet
inputs:
[-0.311828 0.500000 -0.498408 0.500000 0.500000 ]
[-0.311828 0.500000 -0.498408 0.500000 -0.500000 ]
[0.052905 0.053279 0.087106 0.033828 0.082166 ]
No CHECK_ADV_MODE
No adv!
time: 0.308053 
running property 112 with network ./nnet/ACASXU_run2a_4_2_batch_2000.nnet
inputs:
[-0.311828 0.500000 -0.498408 0.500000 0.500000 ]
[-0.311828 0.500000 -0.498408 0.500000 -0.500000 ]
[-0.001612 0.002172 0.038665 -0.014068 0.034588 ]
No CHECK_ADV_MODE
No adv!
time: 0.503949 
running property 112 with network ./nnet/ACASXU_run2a_4_3_batch_2000.nnet
inputs:
[-0.311828 0.500000 -0.498408 0.500000 0.500000 ]
[-0.311828 0.500000 -0.498408 0.500000 -0.500000 ]
[-0.014829 -0.013094 0.023850 -0.019329 0.022153 ]
No CHECK_ADV_MODE
No adv!
time: 0.217165 
running property 112 with network ./nnet/ACASXU_run2a_4_4_batch_2000.nnet
inputs:
[-0.311828 0.500000 -0.498408 0.500000 0.500000 ]
[-0.311828 0.500000 -0.498408 0.500000 -0.500000 ]
[-0.015616 -0.012441 0.023498 -0.018286 0.020573 ]
No CHECK_ADV_MODE
No adv!
time: 0.305905 
running property 112 with network ./nnet/ACASXU_run2a_4_5_batch_2000.nnet
inputs:
[-0.311828 0.500000 -0.498408 0.500000 0.500000 ]
[-0.311828 0.500000 -0.498408 0.500000 -0.500000 ]
[-0.014681 -0.012326 0.023506 -0.018640 0.021230 ]
No CHECK_ADV_MODE
No adv!
time: 0.131869 
running property 112 with network ./nnet/ACASXU_run2a_4_6_batch_2000.nnet
inputs:
[-0.311828 0.500000 -0.498408 0.500000 0.500000 ]
[-0.311828 0.500000 -0.498408 0.500000 -0.500000 ]
[-0.021886 -0.018392 0.019447 -0.017930 0.018700 ]
No CHECK_ADV_MODE
No adv!
time: 0.154030 
running property 112 with network ./nnet/ACASXU_run2a_4_7_batch_2000.nnet
inputs:
[-0.311828 0.500000 -0.498408 0.500000 0.500000 ]
[-0.311828 0.500000 -0.498408 0.500000 -0.500000 ]
[-0.021130 -0.018470 0.018221 -0.018421 0.018218 ]
No CHECK_ADV_MODE
No adv!
time: 0.038472 
running property 112 with network ./nnet/ACASXU_run2a_4_8_batch_2000.nnet
inputs:
[-0.311828 0.500000 -0.498408 0.500000 0.500000 ]
[-0.311828 0.500000 -0.498408 0.500000 -0.500000 ]
[-0.023170 -0.018520 0.018046 -0.018755 0.018199 ]
No CHECK_ADV_MODE
No adv!
time: 0.108206 
running property 112 with network ./nnet/ACASXU_run2a_4_9_batch_2000.nnet
inputs:
[-0.311828 0.500000 -0.498408 0.500000 0.500000 ]
[-0.311828 0.500000 -0.498408 0.500000 -0.500000 ]
[-0.021090 -0.018367 0.018368 -0.018527 0.018528 ]
No CHECK_ADV_MODE
No adv!
time: 0.053144 
running property 112 with network ./nnet/ACASXU_run2a_5_1_batch_2000.nnet
inputs:
[-0.311828 0.500000 -0.498408 0.500000 0.500000 ]
[-0.311828 0.500000 -0.498408 0.500000 -0.500000 ]
[0.040480 0.074327 0.043423 0.066928 0.022927 ]
No CHECK_ADV_MODE
adv found:
[1000.000000 3.141592 -3.131592 1200.000000 975.000000 ]
[0.000000 0.042063 0.008016 0.038705 -0.002788 ]
time: 0.103283 
running property 112 with network ./nnet/ACASXU_run2a_5_2_batch_2000.nnet
inputs:
[-0.311828 0.500000 -0.498408 0.500000 0.500000 ]
[-0.311828 0.500000 -0.498408 0.500000 -0.500000 ]
[-0.000288 0.039309 0.003605 0.038413 -0.014653 ]
No CHECK_ADV_MODE
No adv!
time: 0.088643 
running property 112 with network ./nnet/ACASXU_run2a_5_3_batch_2000.nnet
inputs:
[-0.311828 0.500000 -0.498408 0.500000 0.500000 ]
[-0.311828 0.500000 -0.498408 0.500000 -0.500000 ]
[-0.017116 0.026859 -0.009260 0.023880 -0.018080 ]
No CHECK_ADV_MODE
No adv!
time: 0.208163 
running property 112 with network ./nnet/ACASXU_run2a_5_4_batch_2000.nnet
inputs:
[-0.311828 0.500000 -0.498408 0.500000 0.500000 ]
[-0.311828 0.500000 -0.498408 0.500000 -0.500000 ]
[-0.014469 0.024078 -0.012164 0.022106 -0.018498 ]
No CHECK_ADV_MODE
No adv!
time: 0.064092 
running property 112 with network ./nnet/ACASXU_run2a_5_5_batch_2000.nnet
inputs:
[-0.311828 0.500000 -0.498408 0.500000 0.500000 ]
[-0.311828 0.500000 -0.498408 0.500000 -0.500000 ]
[-0.014719 0.024407 -0.011742 0.020942 -0.018247 ]
No CHECK_ADV_MODE
No adv!
time: 0.053360 
running property 112 with network ./nnet/ACASXU_run2a_5_6_batch_2000.nnet
inputs:
[-0.311828 0.500000 -0.498408 0.500000 0.500000 ]
[-0.311828 0.500000 -0.498408 0.500000 -0.500000 ]
[-0.020459 0.018220 -0.018345 0.018622 -0.017944 ]
No CHECK_ADV_MODE
No adv!
time: 0.112359 
running property 112 with network ./nnet/ACASXU_run2a_5_7_batch_2000.nnet
inputs:
[-0.311828 0.500000 -0.498408 0.500000 0.500000 ]
[-0.311828 0.500000 -0.498408 0.500000 -0.500000 ]
[-0.020162 0.018109 -0.018609 0.018095 -0.018771 ]
No CHECK_ADV_MODE
No adv!
time: 0.052195 
running property 112 with network ./nnet/ACASXU_run2a_5_8_batch_2000.nnet
inputs:
[-0.311828 0.500000 -0.498408 0.500000 0.500000 ]
[-0.311828 0.500000 -0.498408 0.500000 -0.500000 ]
[-0.020087 0.018135 -0.018522 0.018404 -0.018309 ]
No CHECK_ADV_MODE
No adv!
time: 0.041344 
running property 112 with network ./nnet/ACASXU_run2a_5_9_batch_2000.nnet
inputs:
[-0.311828 0.500000 -0.498408 0.500000 0.500000 ]
[-0.311828 0.500000 -0.498408 0.500000 -0.500000 ]
[-0.020551 0.018032 -0.018809 0.018164 -0.018421 ]
No CHECK_ADV_MODE
No adv!
time: 0.028546 
