running property 111 with network ./nnet/ACASXU_run2a_1_1_batch_2000.nnet
inputs:
[-0.311828 0.500000 -0.498408 0.500000 0.500000 ]
[-0.311828 0.500000 -0.498408 -0.500000 0.500000 ]
[0.046942 0.040103 0.041535 0.030583 0.042628 ]
No CHECK_ADV_MODE
adv found:
[1000.000000 3.141592 -3.131592 1062.500000 1200.000000 ]
[0.000000 -0.003362 -0.003252 -0.003087 -0.002686 ]
adv found:
[1000.000000 3.141592 -3.131592 993.750000 1200.000000 ]
[0.000000 -0.002719 -0.002629 -0.002496 -0.002222 ]
time: 0.047453 
running property 111 with network ./nnet/ACASXU_run2a_1_2_batch_2000.nnet
inputs:
[-0.311828 0.500000 -0.498408 0.500000 0.500000 ]
[-0.311828 0.500000 -0.498408 -0.500000 0.500000 ]
[0.002028 -0.004995 -0.001763 -0.013831 -0.004373 ]
No CHECK_ADV_MODE
adv found:
[1000.000000 3.141592 -3.131592 925.000000 1200.000000 ]
[0.000000 -0.005167 -0.004485 -0.004105 -0.004186 ]
adv found:
[1000.000000 3.141592 -3.131592 787.500000 1200.000000 ]
[0.000000 -0.005238 -0.004548 -0.004025 -0.004126 ]
time: 0.014327 
running property 111 with network ./nnet/ACASXU_run2a_1_3_batch_2000.nnet
inputs:
[-0.311828 0.500000 -0.498408 0.500000 0.500000 ]
[-0.311828 0.500000 -0.498408 -0.500000 0.500000 ]
[-0.003398 -0.009760 -0.010340 -0.013667 -0.010613 ]
No CHECK_ADV_MODE
adv found:
[1000.000000 3.141592 -3.131592 512.500000 1200.000000 ]
[0.000000 -0.006143 -0.007485 -0.006498 -0.008437 ]
adv found:
[1000.000000 3.141592 -3.131592 443.750000 1200.000000 ]
[0.000000 -0.006146 -0.007477 -0.006493 -0.008399 ]
time: 0.033268 
running property 111 with network ./nnet/ACASXU_run2a_1_4_batch_2000.nnet
inputs:
[-0.311828 0.500000 -0.498408 0.500000 0.500000 ]
[-0.311828 0.500000 -0.498408 -0.500000 0.500000 ]
[0.000040 -0.004291 -0.003100 -0.013250 -0.012213 ]
No CHECK_ADV_MODE
adv found:
[1000.000000 3.141592 -3.131592 409.375000 1200.000000 ]
[0.000000 -0.008241 -0.006589 -0.007482 -0.006879 ]
adv found:
[1000.000000 3.141592 -3.131592 375.000000 1200.000000 ]
[0.000000 -0.008075 -0.006432 -0.007310 -0.006708 ]
time: 0.004230 
running property 111 with network ./nnet/ACASXU_run2a_1_5_batch_2000.nnet
inputs:
[-0.311828 0.500000 -0.498408 0.500000 0.500000 ]
[-0.311828 0.500000 -0.498408 -0.500000 0.500000 ]
[-0.002883 -0.008818 -0.008720 -0.013847 -0.013581 ]
No CHECK_ADV_MODE
adv found:
[1000.000000 3.141592 -3.131592 512.500000 1200.000000 ]
[0.000000 -0.005995 -0.005463 -0.005233 -0.004500 ]
adv found:
[1000.000000 3.141592 -3.131592 375.000000 1200.000000 ]
[0.000000 -0.005796 -0.005514 -0.005064 -0.004383 ]
time: 0.003094 
running property 111 with network ./nnet/ACASXU_run2a_1_6_batch_2000.nnet
inputs:
[-0.311828 0.500000 -0.498408 0.500000 0.500000 ]
[-0.311828 0.500000 -0.498408 -0.500000 0.500000 ]
[-0.013387 -0.019234 -0.019142 -0.018046 -0.017997 ]
No CHECK_ADV_MODE
adv found:
[1000.000000 3.141592 -3.131592 237.500000 1200.000000 ]
[0.000000 -0.005199 -0.005044 -0.004698 -0.004745 ]
adv found:
[1000.000000 3.141592 -3.131592 168.750000 1200.000000 ]
[0.000000 -0.005191 -0.005018 -0.004650 -0.004692 ]
time: 0.016502 
running property 111 with network ./nnet/ACASXU_run2a_1_7_batch_2000.nnet
inputs:
[-0.311828 0.500000 -0.498408 0.500000 0.500000 ]
[-0.311828 0.500000 -0.498408 -0.500000 0.500000 ]
[-0.020158 -0.019280 -0.019460 -0.019199 -0.019219 ]
No CHECK_ADV_MODE
No adv!
time: 0.018419 
running property 111 with network ./nnet/ACASXU_run2a_1_8_batch_2000.nnet
inputs:
[-0.311828 0.500000 -0.498408 0.500000 0.500000 ]
[-0.311828 0.500000 -0.498408 -0.500000 0.500000 ]
[-0.020206 -0.019443 -0.019425 -0.019472 -0.019493 ]
No CHECK_ADV_MODE
No adv!
time: 0.029522 
running property 111 with network ./nnet/ACASXU_run2a_1_9_batch_2000.nnet
inputs:
[-0.311828 0.500000 -0.498408 0.500000 0.500000 ]
[-0.311828 0.500000 -0.498408 -0.500000 0.500000 ]
[-0.020211 -0.019596 -0.019770 -0.020227 -0.019984 ]
No CHECK_ADV_MODE
No adv!
time: 0.020312 
running property 111 with network ./nnet/ACASXU_run2a_2_1_batch_2000.nnet
inputs:
[-0.311828 0.500000 -0.498408 0.500000 0.500000 ]
[-0.311828 0.500000 -0.498408 -0.500000 0.500000 ]
[0.064694 0.065572 0.102922 0.041555 0.099309 ]
No CHECK_ADV_MODE
adv found:
[1000.000000 3.141592 -3.131592 650.000000 1200.000000 ]
[0.000000 -0.008079 0.041639 0.001157 0.040277 ]
adv found:
[1000.000000 3.141592 -3.131592 581.250000 1200.000000 ]
[0.000000 -0.006955 0.041263 0.000025 0.039930 ]
time: 0.023344 
running property 111 with network ./nnet/ACASXU_run2a_2_2_batch_2000.nnet
inputs:
[-0.311828 0.500000 -0.498408 0.500000 0.500000 ]
[-0.311828 0.500000 -0.498408 -0.500000 0.500000 ]
[-0.004200 -0.001340 0.035073 -0.013977 0.030324 ]
No CHECK_ADV_MODE
adv found:
[1000.000000 3.141592 -3.131592 375.000000 1200.000000 ]
[0.000000 -0.005941 0.037731 -0.000466 0.036490 ]
adv found:
[1000.000000 3.141592 -3.131592 340.625000 1200.000000 ]
[0.000000 -0.005858 0.037738 -0.000438 0.036506 ]
time: 0.024759 
running property 111 with network ./nnet/ACASXU_run2a_2_3_batch_2000.nnet
inputs:
[-0.311828 0.500000 -0.498408 0.500000 0.500000 ]
[-0.311828 0.500000 -0.498408 -0.500000 0.500000 ]
[-0.010289 -0.011948 0.028729 -0.012750 0.025451 ]
No CHECK_ADV_MODE
adv found:
[1000.000000 3.141592 -3.131592 993.750000 1200.000000 ]
[0.000000 -0.007991 0.039347 -0.000248 0.037288 ]
adv found:
[1000.000000 3.141592 -3.131592 925.000000 1200.000000 ]
[0.000000 -0.007838 0.039340 -0.000190 0.037318 ]
time: 0.023773 
running property 111 with network ./nnet/ACASXU_run2a_2_4_batch_2000.nnet
inputs:
[-0.311828 0.500000 -0.498408 0.500000 0.500000 ]
[-0.311828 0.500000 -0.498408 -0.500000 0.500000 ]
[-0.008468 -0.011124 0.030039 -0.012976 0.026134 ]
No CHECK_ADV_MODE
adv found:
[1000.000000 3.141592 -3.131592 925.000000 1200.000000 ]
[0.000000 -0.007920 0.038669 0.005859 0.039905 ]
adv found:
[1000.000000 3.141592 -3.131592 856.250000 1200.000000 ]
[0.000000 -0.006217 0.038607 0.005006 0.039619 ]
time: 0.039985 
running property 111 with network ./nnet/ACASXU_run2a_2_5_batch_2000.nnet
inputs:
[-0.311828 0.500000 -0.498408 0.500000 0.500000 ]
[-0.311828 0.500000 -0.498408 -0.500000 0.500000 ]
[-0.003873 -0.006333 0.033290 -0.012875 0.026820 ]
No CHECK_ADV_MODE
adv found:
[1000.000000 3.141592 -3.131592 753.125000 1200.000000 ]
[0.000000 -0.010590 0.036116 -0.003458 0.033740 ]
adv found:
[1000.000000 3.141592 -3.131592 718.750000 1200.000000 ]
[0.000000 -0.010401 0.036078 -0.003389 0.033826 ]
time: 0.038430 
running property 111 with network ./nnet/ACASXU_run2a_2_6_batch_2000.nnet
inputs:
[-0.311828 0.500000 -0.498408 0.500000 0.500000 ]
[-0.311828 0.500000 -0.498408 -0.500000 0.500000 ]
[-0.019434 -0.020694 0.019983 -0.016881 0.021092 ]
No CHECK_ADV_MODE
adv found:
[1000.000000 adv found:
[1000.000000 3.141592 -3.131592 581.250000 1200.000000 ]
[0.000000 -0.001017 0.039335 0.002505 0.040366 ]
adv found:
[1000.000000 3.141592 -3.131592 546.875000 1200.000000 ]
[0.000000 -0.000870 0.039286 0.002476 0.040269 ]
3.141592 -3.131592 512.500000 1200.000000 ]
[0.000000 -0.000758 0.039248 0.002454 0.040196 ]
adv found:
[1000.000000 3.141592 -3.131592 478.125000 1200.000000 ]
[0.000000 -0.000666 0.039217 0.002436 0.040135 ]
time: 0.045120 
running property 111 with network ./nnet/ACASXU_run2a_2_7_batch_2000.nnet
inputs:
[-0.311828 0.500000 -0.498408 0.500000 0.500000 ]
[-0.311828 0.500000 -0.498408 -0.500000 0.500000 ]
[-0.020192 -0.019800 0.018021 -0.018671 0.018213 ]
No CHECK_ADV_MODE
No adv!
time: 0.015190 
running property 111 with network ./nnet/ACASXU_run2a_2_8_batch_2000.nnet
inputs:
[-0.311828 0.500000 -0.498408 0.500000 0.500000 ]
[-0.311828 0.500000 -0.498408 -0.500000 0.500000 ]
[-0.021569 -0.019993 0.018123 -0.018676 0.018248 ]
No CHECK_ADV_MODE
No adv!
time: 0.022348 
running property 111 with network ./nnet/ACASXU_run2a_2_9_batch_2000.nnet
inputs:
[-0.311828 0.500000 -0.498408 0.500000 0.500000 ]
[-0.311828 0.500000 -0.498408 -0.500000 0.500000 ]
[-0.021078 -0.019714 0.018267 -0.018558 0.018260 ]
No CHECK_ADV_MODE
No adv!
time: 0.015520 
running property 111 with network ./nnet/ACASXU_run2a_3_1_batch_2000.nnet
inputs:
[-0.311828 0.500000 -0.498408 0.500000 0.500000 ]
[-0.311828 0.500000 -0.498408 -0.500000 0.500000 ]
[0.070212 0.117440 0.078681 0.114733 0.052856 ]
No CHECK_ADV_MODE
adv found:
[1000.000000 3.141592 -3.131592 856.250000 1200.000000 ]
[0.000000 0.040605 -0.006215 0.038121 0.005251 ]
adv found:
[1000.000000 3.141592 -3.131592 839.062500 1200.000000 ]
[0.000000 0.040537 -0.006196 0.038029 0.005107 ]
time: 0.055054 
running property 111 with network ./nnet/ACASXU_run2a_3_2_batch_2000.nnet
inputs:
[-0.311828 0.500000 -0.498408 0.500000 0.500000 ]
[-0.311828 0.500000 -0.498408 -0.500000 0.500000 ]
[-0.004509 0.033629 -0.004474 0.032288 -0.012413 ]
No CHECK_ADV_MODE
adv found:
[1000.000000 3.141592 -3.131592 237.500000 1200.000000 ]
[0.000000 0.039810 -0.001155 0.040601 0.003460 ]
adv found:
[1000.000000 3.141592 -3.131592 203.125000 1200.000000 ]
[0.000000 0.039812 -0.001254 0.040608 0.003455 ]
time: 0.013084 
running property 111 with network ./nnet/ACASXU_run2a_3_3_batch_2000.nnet
inputs:
[-0.311828 0.500000 -0.498408 0.500000 0.500000 ]
[-0.311828 0.500000 -0.498408 -0.500000 0.500000 ]
[-0.004990 0.032255 -0.006044 0.029402 -0.013538 ]
No CHECK_ADV_MODE
adv found:
[1000.000000 3.141592 -3.131592 1131.250000 1200.000000 ]
[0.000000 0.037460 -0.003134 0.038201 0.002767 ]
adv found:
[1000.000000 3.141592 -3.131592 1062.500000 1200.000000 ]
[0.000000 0.037482 -0.003059 0.038307 0.002902 ]
time: 0.022552 
running property 111 with network ./nnet/ACASXU_run2a_3_4_batch_2000.nnet
inputs:
[-0.311828 0.500000 -0.498408 0.500000 0.500000 ]
[-0.311828 0.500000 -0.498408 -0.500000 0.500000 ]
[-0.007735 0.031293 -0.009988 0.028420 -0.012625 ]
No CHECK_ADV_MODE
adv found:
[1000.000000 3.141592 -3.131592 340.625000 1200.000000 ]
[0.000000 0.037719 -0.003314 0.038516 0.001654 ]
adv found:
[1000.000000 3.141592 -3.131592 306.250000 1200.000000 ]
[0.000000 0.037650 -0.003529 0.038453 0.001602 ]
time: 0.050459 
running property 111 with network ./nnet/ACASXU_run2a_3_5_batch_2000.nnet
inputs:
[-0.311828 0.500000 -0.498408 0.500000 0.500000 ]
[-0.311828 0.500000 -0.498408 -0.500000 0.500000 ]
[-0.009740 0.032107 -0.007485 0.026448 -0.014399 ]
No CHECK_ADV_MODE
adv found:
[1000.000000 3.141592 -3.131592 443.750000 1200.000000 ]
[0.000000 0.038829 -0.003397 0.037067 0.000653 ]
adv found:
[1000.000000 3.141592 -3.131592 375.000000 1200.000000 ]
[0.000000 0.038841 -0.003538 0.036977 0.000475 ]
time: 0.013965 
running property 111 with network ./nnet/ACASXU_run2a_3_6_batch_2000.nnet
inputs:
[-0.311828 0.500000 -0.498408 0.500000 0.500000 ]
[-0.311828 0.500000 -0.498408 -0.500000 0.500000 ]
[-0.019588 0.018777 -0.020172 0.019598 -0.017824 ]
No CHECK_ADV_MODE
adv found:
[1000.000000 3.141592 -3.131592 650.000000 1200.000000 ]
[0.000000 0.038364 -0.000584 0.039185 0.001763 ]
adv found:
[1000.000000 3.141592 -3.131592 581.250000 1200.000000 ]
[0.000000 0.038364 -0.000584 0.039185 0.001763 ]
time: 0.017995 
running property 111 with network ./nnet/ACASXU_run2a_3_7_batch_2000.nnet
inputs:
[-0.311828 0.500000 -0.498408 0.500000 0.500000 ]
[-0.311828 0.500000 -0.498408 -0.500000 0.500000 ]
[-0.020836 0.018598 -0.019346 0.018493 -0.018242 ]
No CHECK_ADV_MODE
adv found:
[1000.000000 3.141592 -3.131592 271.875000 1200.000000 ]
[0.000000 0.038643 -0.000587 0.039129 0.001969 ]
time: 0.030034 
running property 111 with network ./nnet/ACASXU_run2a_3_8_batch_2000.nnet
inputs:
[-0.311828 0.500000 -0.498408 0.500000 0.500000 ]
[-0.311828 0.500000 -0.498408 -0.500000 0.500000 ]
[-0.020926 0.017994 -0.019752 0.018204 -0.018760 ]
No CHECK_ADV_MODE
No adv!
time: 0.015682 
running property 111 with network ./nnet/ACASXU_run2a_3_9_batch_2000.nnet
inputs:
[-0.311828 0.500000 -0.498408 0.500000 0.500000 ]
[-0.311828 0.500000 -0.498408 -0.500000 0.500000 ]
[-0.021649 0.018110 -0.019749 0.018294 -0.018284 ]
No CHECK_ADV_MODE
No adv!
time: 0.026083 
running property 111 with network ./nnet/ACASXU_run2a_4_1_batch_2000.nnet
inputs:
[-0.311828 0.500000 -0.498408 0.500000 0.500000 ]
[-0.311828 0.500000 -0.498408 -0.500000 0.500000 ]
[0.052905 0.053279 0.087106 0.033828 0.082166 ]
No CHECK_ADV_MODE
No adv!
time: 0.068547 
running property 111 with network ./nnet/ACASXU_run2a_4_2_batch_2000.nnet
inputs:
[-0.311828 0.500000 -0.498408 0.500000 0.500000 ]
[-0.311828 0.500000 -0.498408 -0.500000 0.500000 ]
[-0.001612 0.002172 0.038665 -0.014068 0.034588 ]
No CHECK_ADV_MODE
No adv!
time: 0.076450 
running property 111 with network ./nnet/ACASXU_run2a_4_3_batch_2000.nnet
inputs:
[-0.311828 0.500000 -0.498408 0.500000 0.500000 ]
[-0.311828 0.500000 -0.498408 -0.500000 0.500000 ]
[-0.014829 -0.013094 0.023850 -0.019329 0.022153 ]
No CHECK_ADV_MODE
No adv!
time: 0.040397 
running property 111 with network ./nnet/ACASXU_run2a_4_4_batch_2000.nnet
inputs:
[-0.311828 0.500000 -0.498408 0.500000 0.500000 ]
[-0.311828 0.500000 -0.498408 -0.500000 0.500000 ]
[-0.015616 -0.012441 0.023498 -0.018286 0.020573 ]
No CHECK_ADV_MODE
No adv!
time: 0.019831 
running property 111 with network ./nnet/ACASXU_run2a_4_5_batch_2000.nnet
inputs:
[-0.311828 0.500000 -0.498408 0.500000 0.500000 ]
[-0.311828 0.500000 -0.498408 -0.500000 0.500000 ]
[-0.014681 -0.012326 0.023506 -0.018640 0.021230 ]
No CHECK_ADV_MODE
No adv!
time: 0.026461 
running property 111 with network ./nnet/ACASXU_run2a_4_6_batch_2000.nnet
inputs:
[-0.311828 0.500000 -0.498408 0.500000 0.500000 ]
[-0.311828 0.500000 -0.498408 -0.500000 0.500000 ]
[-0.021886 -0.018392 0.019447 -0.017930 0.018700 ]
No CHECK_ADV_MODE
No adv!
time: 0.024857 
running property 111 with network ./nnet/ACASXU_run2a_4_7_batch_2000.nnet
inputs:
[-0.311828 0.500000 -0.498408 0.500000 0.500000 ]
[-0.311828 0.500000 -0.498408 -0.500000 0.500000 ]
[-0.021130 -0.018470 0.018221 -0.018421 0.018218 ]
No CHECK_ADV_MODE
No adv!
time: 0.022411 
running property 111 with network ./nnet/ACASXU_run2a_4_8_batch_2000.nnet
inputs:
[-0.311828 0.500000 -0.498408 0.500000 0.500000 ]
[-0.311828 0.500000 -0.498408 -0.500000 0.500000 ]
[-0.023170 -0.018520 0.018046 -0.018755 0.018199 ]
No CHECK_ADV_MODE
No adv!
time: 0.019135 
running property 111 with network ./nnet/ACASXU_run2a_4_9_batch_2000.nnet
inputs:
[-0.311828 0.500000 -0.498408 0.500000 0.500000 ]
[-0.311828 0.500000 -0.498408 -0.500000 0.500000 ]
[-0.021090 -0.018367 0.018368 -0.018527 0.018528 ]
No CHECK_ADV_MODE
No adv!
time: 0.009416 
running property 111 with network ./nnet/ACASXU_run2a_5_1_batch_2000.nnet
inputs:
[-0.311828 0.500000 -0.498408 0.500000 0.500000 ]
[-0.311828 0.500000 -0.498408 -0.500000 0.500000 ]
[0.040480 0.074327 0.043423 0.066928 0.022927 ]
No CHECK_ADV_MODE
No adv!
time: 0.043717 
running property 111 with network ./nnet/ACASXU_run2a_5_2_batch_2000.nnet
inputs:
[-0.311828 0.500000 -0.498408 0.500000 0.500000 ]
[-0.311828 0.500000 -0.498408 -0.500000 0.500000 ]
[-0.000288 0.039309 0.003605 0.038413 -0.014653 ]
No CHECK_ADV_MODE
No adv!
time: 0.034932 
running property 111 with network ./nnet/ACASXU_run2a_5_3_batch_2000.nnet
inputs:
[-0.311828 0.500000 -0.498408 0.500000 0.500000 ]
[-0.311828 0.500000 -0.498408 -0.500000 0.500000 ]
[-0.017116 0.026859 -0.009260 0.023880 -0.018080 ]
No CHECK_ADV_MODE
No adv!
time: 0.047047 
running property 111 with network ./nnet/ACASXU_run2a_5_4_batch_2000.nnet
inputs:
[-0.311828 0.500000 -0.498408 0.500000 0.500000 ]
[-0.311828 0.500000 -0.498408 -0.500000 0.500000 ]
[-0.014469 0.024078 -0.012164 0.022106 -0.018498 ]
No CHECK_ADV_MODE
adv found:
[1000.000000 3.141592 -3.131592 100.000000 1200.000000 ]
[0.000000 0.038774 0.002068 0.038406 -0.000028 ]
time: 0.050702 
running property 111 with network ./nnet/ACASXU_run2a_5_5_batch_2000.nnet
inputs:
[-0.311828 0.500000 -0.498408 0.500000 0.500000 ]
[-0.311828 0.500000 -0.498408 -0.500000 0.500000 ]
[-0.014719 0.024407 -0.011742 0.020942 -0.018247 ]
No CHECK_ADV_MODE
No adv!
time: 0.029678 
running property 111 with network ./nnet/ACASXU_run2a_5_6_batch_2000.nnet
inputs:
[-0.311828 0.500000 -0.498408 0.500000 0.500000 ]
[-0.311828 0.500000 -0.498408 -0.500000 0.500000 ]
[-0.020459 0.018220 -0.018345 0.018622 -0.017944 ]
No CHECK_ADV_MODE
No adv!
time: 0.044524 
running property 111 with network ./nnet/ACASXU_run2a_5_7_batch_2000.nnet
inputs:
[-0.311828 0.500000 -0.498408 0.500000 0.500000 ]
[-0.311828 0.500000 -0.498408 -0.500000 0.500000 ]
[-0.020162 0.018109 -0.018609 0.018095 -0.018771 ]
No CHECK_ADV_MODE
No adv!
time: 0.019169 
running property 111 with network ./nnet/ACASXU_run2a_5_8_batch_2000.nnet
inputs:
[-0.311828 0.500000 -0.498408 0.500000 0.500000 ]
[-0.311828 0.500000 -0.498408 -0.500000 0.500000 ]
[-0.020087 0.018135 -0.018522 0.018404 -0.018309 ]
No CHECK_ADV_MODE
No adv!
time: 0.025295 
running property 111 with network ./nnet/ACASXU_run2a_5_9_batch_2000.nnet
inputs:
[-0.311828 0.500000 -0.498408 0.500000 0.500000 ]
[-0.311828 0.500000 -0.498408 -0.500000 0.500000 ]
[-0.020551 0.018032 -0.018809 0.018164 -0.018421 ]
No CHECK_ADV_MODE
No adv!
time: 0.039521 
