running property 100 with network ./nnet/ACASXU_run2a_2_1_batch_2000.nnet
inputs:
[-0.321785 0.000000 -0.496021 -0.363636 -0.333333 ]
[-0.324274 0.000000 -0.496021 -0.363636 -0.333333 ]
[0.064694 0.065572 0.102922 0.041555 0.099309 ]
No CHECK_ADV_MODE
adv found:
[-0.323030 0.000000 -0.496021 -0.363636 -0.333333 ]
[0.030922 0.002657 0.042486 -0.048388 0.000000 ]
adv found:
[-0.323341 0.000000 -0.496021 -0.363636 -0.333333 ]
[0.032157 0.004547 0.043290 -0.043776 0.000000 ]
time: 0.009745 
running property 100 with network ./nnet/ACASXU_run2a_2_2_batch_2000.nnet
inputs:
[-0.321785 0.000000 -0.496021 -0.363636 -0.333333 ]
[-0.324274 0.000000 -0.496021 -0.363636 -0.333333 ]
[-0.004200 -0.001340 0.035073 -0.013977 0.030324 ]
No CHECK_ADV_MODE
adv found:
[-0.321785 0.000000 -0.496021 -0.363636 -0.333333 ]
[0.004710 -0.011872 0.018159 -0.086324 0.000000 ]
adv found:
[-0.323030 0.000000 -0.496021 -0.363636 -0.333333 ]
[0.003791 -0.016574 0.016274 -0.090484 0.000000 ]
time: 0.001546 
running property 100 with network ./nnet/ACASXU_run2a_2_3_batch_2000.nnet
inputs:
[-0.321785 0.000000 -0.496021 -0.363636 -0.333333 ]
[-0.324274 0.000000 -0.496021 -0.363636 -0.333333 ]
[-0.010289 -0.011948 0.028729 -0.012750 0.025451 ]
No CHECK_ADV_MODE
No adv!
time: 0.000569 
running property 100 with network ./nnet/ACASXU_run2a_2_4_batch_2000.nnet
inputs:
[-0.321785 0.000000 -0.496021 -0.363636 -0.333333 ]
[-0.324274 0.000000 -0.496021 -0.363636 -0.333333 ]
[-0.008468 -0.011124 0.030039 -0.012976 0.026134 ]
No CHECK_ADV_MODE
adv found:
[-0.323030 0.000000 -0.496021 -0.363636 -0.333333 ]
[-0.005259 -0.046905 0.008222 -0.073878 0.000000 ]
adv found:
[-0.323652 0.000000 -0.496021 -0.363636 -0.333333 ]
[-0.005572 -0.047321 0.008067 -0.074432 0.000000 ]
time: 0.007018 
running property 100 with network ./nnet/ACASXU_run2a_2_5_batch_2000.nnet
inputs:
[-0.321785 0.000000 -0.496021 -0.363636 -0.333333 ]
[-0.324274 0.000000 -0.496021 -0.363636 -0.333333 ]
[-0.003873 -0.006333 0.033290 -0.012875 0.026820 ]
No CHECK_ADV_MODE
adv found:
[-0.321785 0.000000 -0.496021 -0.363636 -0.333333 ]
[0.005634 -0.032078 0.005373 -0.048213 0.000000 ]
adv found:
[-0.324274 0.000000 -0.496021 -0.363636 -0.333333 ]
[0.005768 -0.032158 0.005519 -0.048211 0.000000 ]
time: 0.000460 
running property 100 with network ./nnet/ACASXU_run2a_2_6_batch_2000.nnet
inputs:
[-0.321785 0.000000 -0.496021 -0.363636 -0.333333 ]
[-0.324274 0.000000 -0.496021 -0.363636 -0.333333 ]
[-0.019434 -0.020694 0.019983 -0.016881 0.021092 ]
No CHECK_ADV_MODE
adv found:
[-0.321785 0.000000 -0.496021 -0.363636 -0.333333 ]
[0.004834 -0.043989 -0.001053 -0.036758 0.000000 ]
adv found:
[-0.324274 0.000000 -0.496021 -0.363636 -0.333333 ]
[0.004771 -0.043833 -0.001055 -0.036635 0.000000 ]
time: 0.000448 
running property 100 with network ./nnet/ACASXU_run2a_2_7_batch_2000.nnet
inputs:
[-0.321785 0.000000 -0.496021 -0.363636 -0.333333 ]
[-0.324274 0.000000 -0.496021 -0.363636 -0.333333 ]
[-0.020192 -0.019800 0.018021 -0.018671 0.018213 ]
No CHECK_ADV_MODE
adv found:
[-0.321785 0.000000 -0.496021 -0.363636 -0.333333 ]
[0.002369 -0.041844 -0.000574 -0.036835 0.000000 ]
adv found:
[-0.323030 0.000000 -0.496021 -0.363636 -0.333333 ]
[0.002364 -0.041844 -0.000574 -0.036835 0.000000 ]
time: 0.003867 
running property 100 with network ./nnet/ACASXU_run2a_2_8_batch_2000.nnet
inputs:
[-0.321785 0.000000 -0.496021 -0.363636 -0.333333 ]
[-0.324274 0.000000 -0.496021 -0.363636 -0.333333 ]
[-0.021569 -0.019993 0.018123 -0.018676 0.018248 ]
No CHECK_ADV_MODE
adv found:
[-0.321785 0.000000 -0.496021 -0.363636 -0.333333 ]
[0.002037 -0.041704 -0.001299 -0.036906 0.000000 ]
adv found:
[-0.324274 0.000000 -0.496021 -0.363636 -0.333333 ]
[0.002048 -0.041695 -0.001298 -0.036908 0.000000 ]
time: 0.000578 
running property 100 with network ./nnet/ACASXU_run2a_2_9_batch_2000.nnet
inputs:
[-0.321785 0.000000 -0.496021 -0.363636 -0.333333 ]
[-0.324274 0.000000 -0.496021 -0.363636 -0.333333 ]
[-0.021078 -0.019714 0.018267 -0.018558 0.018260 ]
No CHECK_ADV_MODE
adv found:
[-0.321785 0.000000 -0.496021 -0.363636 -0.333333 ]
[0.002756 -0.039640 -0.000877 -0.036969 0.000000 ]
adv found:
[-0.324274 0.000000 -0.496021 -0.363636 -0.333333 ]
[0.002845 -0.039622 -0.000880 -0.036965 0.000000 ]
time: 0.000597 
running property 100 with network ./nnet/ACASXU_run2a_3_1_batch_2000.nnet
inputs:
[-0.321785 0.000000 -0.496021 -0.363636 -0.333333 ]
[-0.324274 0.000000 -0.496021 -0.363636 -0.333333 ]
[0.070212 0.117440 0.078681 0.114733 0.052856 ]
No CHECK_ADV_MODE
No adv!
time: 0.001372 
running property 100 with network ./nnet/ACASXU_run2a_3_2_batch_2000.nnet
inputs:
[-0.321785 0.000000 -0.496021 -0.363636 -0.333333 ]
[-0.324274 0.000000 -0.496021 -0.363636 -0.333333 ]
[-0.004509 0.033629 -0.004474 0.032288 -0.012413 ]
No CHECK_ADV_MODE
No adv!
time: 0.000555 
running property 100 with network ./nnet/ACASXU_run2a_3_3_batch_2000.nnet
inputs:
[-0.321785 0.000000 -0.496021 -0.363636 -0.333333 ]
[-0.324274 0.000000 -0.496021 -0.363636 -0.333333 ]
[-0.004990 0.032255 -0.006044 0.029402 -0.013538 ]
No CHECK_ADV_MODE
adv found:
[-0.321785 0.000000 -0.496021 -0.363636 -0.333333 ]
[0.014205 0.014548 0.006327 -0.024663 0.000000 ]
adv found:
[-0.324274 0.000000 -0.496021 -0.363636 -0.333333 ]
[0.015311 0.014404 0.005759 -0.023939 0.000000 ]
time: 0.000573 
running property 100 with network ./nnet/ACASXU_run2a_3_4_batch_2000.nnet
inputs:
[-0.321785 0.000000 -0.496021 -0.363636 -0.333333 ]
[-0.324274 0.000000 -0.496021 -0.363636 -0.333333 ]
[-0.007735 0.031293 -0.009988 0.028420 -0.012625 ]
No CHECK_ADV_MODE
No adv!
time: 0.000513 
running property 100 with network ./nnet/ACASXU_run2a_3_5_batch_2000.nnet
inputs:
[-0.321785 0.000000 -0.496021 -0.363636 -0.333333 ]
[-0.324274 0.000000 -0.496021 -0.363636 -0.333333 ]
[-0.009740 0.032107 -0.007485 0.026448 -0.014399 ]
No CHECK_ADV_MODE
No adv!
time: 0.000402 
running property 100 with network ./nnet/ACASXU_run2a_3_6_batch_2000.nnet
inputs:
[-0.321785 0.000000 -0.496021 -0.363636 -0.333333 ]
[-0.324274 0.000000 -0.496021 -0.363636 -0.333333 ]
[-0.019588 0.018777 -0.020172 0.019598 -0.017824 ]
No CHECK_ADV_MODE
adv found:
[-0.321785 0.000000 -0.496021 -0.363636 -0.333333 ]
[0.035800 0.036261 -0.011642 0.037919 0.000000 ]
adv found:
[-0.324274 0.000000 -0.496021 -0.363636 -0.333333 ]
[0.035799 0.036025 -0.011770 0.037702 0.000000 ]
time: 0.000446 
running property 100 with network ./nnet/ACASXU_run2a_3_7_batch_2000.nnet
inputs:
[-0.321785 0.000000 -0.496021 -0.363636 -0.333333 ]
[-0.324274 0.000000 -0.496021 -0.363636 -0.333333 ]
[-0.020836 0.018598 -0.019346 0.018493 -0.018242 ]
No CHECK_ADV_MODE
adv found:
[-0.321785 0.000000 -0.496021 -0.363636 -0.333333 ]
[0.038471 0.036559 -0.004081 0.037123 0.000000 ]
adv found:
[-0.323030 0.000000 -0.496021 -0.363636 -0.333333 ]
[0.038472 0.036559 -0.004085 0.037123 0.000000 ]
time: 0.001400 
running property 100 with network ./nnet/ACASXU_run2a_3_8_batch_2000.nnet
inputs:
[-0.321785 0.000000 -0.496021 -0.363636 -0.333333 ]
[-0.324274 0.000000 -0.496021 -0.363636 -0.333333 ]
[-0.020926 0.017994 -0.019752 0.018204 -0.018760 ]
No CHECK_ADV_MODE
adv found:
[-0.321785 0.000000 -0.496021 -0.363636 -0.333333 ]
[0.036558 0.035125 -0.004436 0.036141 0.000000 ]
adv found:
[-0.323030 0.000000 -0.496021 -0.363636 -0.333333 ]
[0.036547 0.035099 -0.004457 0.036111 0.000000 ]
time: 0.001784 
running property 100 with network ./nnet/ACASXU_run2a_3_9_batch_2000.nnet
inputs:
[-0.321785 0.000000 -0.496021 -0.363636 -0.333333 ]
[-0.324274 0.000000 -0.496021 -0.363636 -0.333333 ]
[-0.021649 0.018110 -0.019749 0.018294 -0.018284 ]
No CHECK_ADV_MODE
adv found:
[-0.321785 0.000000 -0.496021 -0.363636 -0.333333 ]
[0.043393 0.035525 -0.003852 0.036808 0.000000 ]
adv found:
[-0.324274 0.000000 -0.496021 -0.363636 -0.333333 ]
[0.043435 0.035523 -0.003860 0.036810 0.000000 ]
time: 0.000447 
running property 100 with network ./nnet/ACASXU_run2a_4_1_batch_2000.nnet
inputs:
[-0.321785 0.000000 -0.496021 -0.363636 -0.333333 ]
[-0.324274 0.000000 -0.496021 -0.363636 -0.333333 ]
[0.052905 0.053279 0.087106 0.033828 0.082166 ]
No CHECK_ADV_MODE
adv found:
[-0.323030 0.000000 -0.496021 -0.363636 -0.333333 ]
[-0.033672 -0.077166 -0.002369 -0.147963 0.000000 ]
adv found:
[-0.324274 0.000000 -0.496021 -0.363636 -0.333333 ]
[-0.033651 -0.078749 -0.003442 -0.150752 0.000000 ]
time: 0.001510 
running property 100 with network ./nnet/ACASXU_run2a_4_2_batch_2000.nnet
inputs:
[-0.321785 0.000000 -0.496021 -0.363636 -0.333333 ]
[-0.324274 0.000000 -0.496021 -0.363636 -0.333333 ]
[-0.001612 0.002172 0.038665 -0.014068 0.034588 ]
No CHECK_ADV_MODE
adv found:
[-0.323963 0.000000 -0.496021 -0.363636 -0.333333 ]
[0.058692 0.021375 0.046743 -0.001241 0.000000 ]
time: 0.005073 
running property 100 with network ./nnet/ACASXU_run2a_4_3_batch_2000.nnet
inputs:
[-0.321785 0.000000 -0.496021 -0.363636 -0.333333 ]
[-0.324274 0.000000 -0.496021 -0.363636 -0.333333 ]
[-0.014829 -0.013094 0.023850 -0.019329 0.022153 ]
No CHECK_ADV_MODE
No adv!
time: 0.006306 
running property 100 with network ./nnet/ACASXU_run2a_4_4_batch_2000.nnet
inputs:
[-0.321785 0.000000 -0.496021 -0.363636 -0.333333 ]
[-0.324274 0.000000 -0.496021 -0.363636 -0.333333 ]
[-0.015616 -0.012441 0.023498 -0.018286 0.020573 ]
No CHECK_ADV_MODE
adv found:
[-0.321785 0.000000 -0.496021 -0.363636 -0.333333 ]
[-0.012863 -0.050741 0.001256 -0.076078 0.000000 ]
adv found:
[-0.323030 0.000000 -0.496021 -0.363636 -0.333333 ]
[-0.012598 -0.049431 0.002183 -0.073775 0.000000 ]
time: 0.001353 
running property 100 with network ./nnet/ACASXU_run2a_4_5_batch_2000.nnet
inputs:
[-0.321785 0.000000 -0.496021 -0.363636 -0.333333 ]
[-0.324274 0.000000 -0.496021 -0.363636 -0.333333 ]
[-0.014681 -0.012326 0.023506 -0.018640 0.021230 ]
No CHECK_ADV_MODE
adv found:
[-0.321785 0.000000 -0.496021 -0.363636 -0.333333 ]
[0.006749 -0.032335 0.004719 -0.044044 0.000000 ]
adv found:
[-0.324274 0.000000 -0.496021 -0.363636 -0.333333 ]
[0.006828 -0.032210 0.004705 -0.043894 0.000000 ]
time: 0.000452 
running property 100 with network ./nnet/ACASXU_run2a_4_6_batch_2000.nnet
inputs:
[-0.321785 0.000000 -0.496021 -0.363636 -0.333333 ]
[-0.324274 0.000000 -0.496021 -0.363636 -0.333333 ]
[-0.021886 -0.018392 0.019447 -0.017930 0.018700 ]
No CHECK_ADV_MODE
adv found:
[-0.321785 0.000000 -0.496021 -0.363636 -0.333333 ]
[0.000524 -0.043740 0.000648 -0.036611 0.000000 ]
adv found:
[-0.324274 0.000000 -0.496021 -0.363636 -0.333333 ]
[0.000561 -0.043697 0.000646 -0.036588 0.000000 ]
time: 0.000584 
running property 100 with network ./nnet/ACASXU_run2a_4_7_batch_2000.nnet
inputs:
[-0.321785 0.000000 -0.496021 -0.363636 -0.333333 ]
[-0.324274 0.000000 -0.496021 -0.363636 -0.333333 ]
[-0.021130 -0.018470 0.018221 -0.018421 0.018218 ]
No CHECK_ADV_MODE
adv found:
[-0.321785 0.000000 -0.496021 -0.363636 -0.333333 ]
[0.001445 -0.040532 -0.001046 -0.037479 0.000000 ]
adv found:
[-0.324274 0.000000 -0.496021 -0.363636 -0.333333 ]
[0.001538 -0.040526 -0.001049 -0.037512 0.000000 ]
time: 0.000463 
running property 100 with network ./nnet/ACASXU_run2a_4_8_batch_2000.nnet
inputs:
[-0.321785 0.000000 -0.496021 -0.363636 -0.333333 ]
[-0.324274 0.000000 -0.496021 -0.363636 -0.333333 ]
[-0.023170 -0.018520 0.018046 -0.018755 0.018199 ]
No CHECK_ADV_MODE
adv found:
[-0.321785 0.000000 -0.496021 -0.363636 -0.333333 ]
[0.000905 -0.039588 -0.000428 -0.036048 0.000000 ]
adv found:
[-0.324274 0.000000 -0.496021 -0.363636 -0.333333 ]
[0.000886 -0.039584 -0.000429 -0.036052 0.000000 ]
time: 0.000589 
running property 100 with network ./nnet/ACASXU_run2a_4_9_batch_2000.nnet
inputs:
[-0.321785 0.000000 -0.496021 -0.363636 -0.333333 ]
[-0.324274 0.000000 -0.496021 -0.363636 -0.333333 ]
[-0.021090 -0.018367 0.018368 -0.018527 0.018528 ]
No CHECK_ADV_MODE
adv found:
[-0.321785 0.000000 -0.496021 -0.363636 -0.333333 ]
[0.003412 -0.038350 -0.000509 -0.038186 0.000000 ]
adv found:
[-0.324274 0.000000 -0.496021 -0.363636 -0.333333 ]
[0.003571 -0.038355 -0.000510 -0.038190 0.000000 ]
time: 0.000444 
